<?xml version="1.0" encoding="utf-8"?>
<TestRun id="deae4490-86fd-4313-99ec-5140093f9fca" name="VICTUS@LAPTOP-U7B9ORSN 2026-09-13 16:11:46" runUser="LAPTOP-U7B9ORSN\VICTUS" xmlns="http://microsoft.com/schemas/VisualStudio/TeamTest/2010">
  <Times creation="2026-09-13T16:11:46.1602426+05:30" queuing="2026-09-13T16:11:46.1602431+05:30" start="2026-09-13T16:11:44.3181116+05:30" finish="2026-09-13T16:11:55.6489088+05:30" />
  <TestSettings name="default" id="a46bfd84-1ba0-4d45-a5a1-3221006995d2">
    <Deployment runDeploymentRoot="VICTUS_LAPTOP-U7B9ORSN_2026-09-13_16_11_46" />
  </TestSettings>
  <Results>
    <UnitTestResult executionId="95291cae-6f22-4912-97ce-0c32e312886a" testId="6e919d83-bbf0-a3f6-ee41-4aadff521ee3" testName="AssetBridge.UnitTests.Services.MaintenanceJobServiceTests.CreateJob_WithValidData_ShouldCreatePlannedJob" computerName="LAPTOP-U7B9ORSN" duration="00:00:00.0571157" startTime="2026-09-13T16:11:46.2910603+05:30" endTime="2026-09-13T16:11:46.2910603+05:30" testType="13cdc9d9-ddb5-4fa4-a97d-d965ccfc6d4b" outcome="Passed" testListId="8c84fa94-04c1-424b-9868-57a2d4851a1d" relativeResultsDirectory="95291cae-6f22-4912-97ce-0c32e312886a" />
    <UnitTestResult executionId="3e012e6b-4708-4444-899a-f056a40fc1aa" testId="fb1d9318-b7cb-30d7-4de6-25cd80e9e1fb" testName="AssetBridge.UnitTests.Security.PasswordHasherTests.HashPassword_ShouldReturnHashedString_WhenGivenPlainTextPassword" computerName="LAPTOP-U7B9ORSN" duration="00:00:00.5299204" startTime="2026-09-13T16:11:46.9016274+05:30" endTime="2026-09-13T16:11:46.9016277+05:30" testType="13cdc9d9-ddb5-4fa4-a97d-d965ccfc6d4b" outcome="Passed" testListId="8c84fa94-04c1-424b-9868-57a2d4851a1d" relativeResultsDirectory="3e012e6b-4708-4444-899a-f056a40fc1aa" />
    <UnitTestResult executionId="d4e87053-b427-4474-9a01-d69ddd243acd" testId="39e36bc6-2eba-e5cd-6d34-ea77ad6f52d7" testName="AssetBridge.UnitTests.Security.PasswordHasherTests.VerifyPassword_ShouldReturnTrue_WhenPasswordMatchesHash" computerName="LAPTOP-U7B9ORSN" duration="00:00:01.0197669" startTime="2026-09-13T16:11:46.3714727+05:30" endTime="2026-09-13T16:11:46.3714732+05:30" testType="13cdc9d9-ddb5-4fa4-a97d-d965ccfc6d4b" outcome="Passed" testListId="8c84fa94-04c1-424b-9868-57a2d4851a1d" relativeResultsDirectory="d4e87053-b427-4474-9a01-d69ddd243acd" />
    <UnitTestResult executionId="43821f04-051e-4354-a77d-acae795807d9" testId="3f987a17-d752-d1be-ad4d-eb32bb96dade" testName="AssetBridge.UnitTests.Services.IncidentServiceTests.CreateIncidentAsync_ShouldThrowUnauthorized_WhenOwnerReportsForAnotherOwnersAsset" computerName="LAPTOP-U7B9ORSN" duration="00:00:00.0125236" startTime="2026-09-13T16:11:46.3323215+05:30" endTime="2026-09-13T16:11:46.3323216+05:30" testType="13cdc9d9-ddb5-4fa4-a97d-d965ccfc6d4b" outcome="Passed" testListId="8c84fa94-04c1-424b-9868-57a2d4851a1d" relativeResultsDirectory="43821f04-051e-4354-a77d-acae795807d9" />
    <UnitTestResult executionId="55eb61b2-e859-4792-9665-90395bb6297e" testId="22379be2-14f3-8584-0e68-de03dc74eb98" testName="AssetBridge.UnitTests.Services.AssetServiceTests.GetAssetByIdAsync_ShouldThrowUnauthorized_WhenOwnerAccessesAnotherOwnersAsset" computerName="LAPTOP-U7B9ORSN" duration="00:00:00.0032035" startTime="2026-09-13T16:11:46.3326509+05:30" endTime="2026-09-13T16:11:46.3326511+05:30" testType="13cdc9d9-ddb5-4fa4-a97d-d965ccfc6d4b" outcome="Passed" testListId="8c84fa94-04c1-424b-9868-57a2d4851a1d" relativeResultsDirectory="55eb61b2-e859-4792-9665-90395bb6297e" />
    <UnitTestResult executionId="7e7af6ca-05a7-4a8d-81bf-aa0410e03e7b" testId="afdf6ee6-a8dc-ba5a-ee92-85a60a55ed13" testName="AssetBridge.UnitTests.Services.AuthServiceTests.LoginAsync_ShouldReturnToken_WhenCredentialsAreValid" computerName="LAPTOP-U7B9ORSN" duration="00:00:00.0645609" startTime="2026-09-13T16:11:46.1652981+05:30" endTime="2026-09-13T16:11:46.1652984+05:30" testType="13cdc9d9-ddb5-4fa4-a97d-d965ccfc6d4b" outcome="Passed" testListId="8c84fa94-04c1-424b-9868-57a2d4851a1d" relativeResultsDirectory="7e7af6ca-05a7-4a8d-81bf-aa0410e03e7b" />
    <UnitTestResult executionId="94dd8b70-ff70-4891-893c-99497fccfe85" testId="09c45721-ca5b-e6cf-dd98-82884d46c1c1" testName="AssetBridge.UnitTests.Middleware.GlobalExceptionHandlingMiddlewareTests.InvokeAsync_ShouldReturnBadRequest_WhenValidationExceptionIsThrown" computerName="LAPTOP-U7B9ORSN" duration="00:00:00.0043313" startTime="2026-09-13T16:11:45.4233174+05:30" endTime="2026-09-13T16:11:45.4233178+05:30" testType="13cdc9d9-ddb5-4fa4-a97d-d965ccfc6d4b" outcome="Passed" testListId="8c84fa94-04c1-424b-9868-57a2d4851a1d" relativeResultsDirectory="94dd8b70-ff70-4891-893c-99497fccfe85" />
    <UnitTestResult executionId="edac7b6e-421a-4ca0-b809-3f37ff088d7a" testId="822ebd52-8dbc-59f4-ce8a-589df05535a4" testName="AssetBridge.UnitTests.Security.JwtTokenGeneratorTests.GenerateToken_ShouldReturnValidJwt_WithExpectedClaims" computerName="LAPTOP-U7B9ORSN" duration="00:00:00.0484420" startTime="2026-09-13T16:11:45.7438066+05:30" endTime="2026-09-13T16:11:45.7438068+05:30" testType="13cdc9d9-ddb5-4fa4-a97d-d965ccfc6d4b" outcome="Passed" testListId="8c84fa94-04c1-424b-9868-57a2d4851a1d" relativeResultsDirectory="edac7b6e-421a-4ca0-b809-3f37ff088d7a" />
    <UnitTestResult executionId="bcd5318f-919d-47e3-9088-b1a6b511f41a" testId="38832235-f090-b142-42d0-59d88744c106" testName="AssetBridge.UnitTests.Services.MaintenanceJobServiceTests.UpdateJobStatus_ToCompleted_ShouldSetCompletedAtUtcAndActualCost" computerName="LAPTOP-U7B9ORSN" duration="00:00:00.8929402" startTime="2026-09-13T16:11:46.2287076+05:30" endTime="2026-09-13T16:11:46.2287076+05:30" testType="13cdc9d9-ddb5-4fa4-a97d-d965ccfc6d4b" outcome="Passed" testListId="8c84fa94-04c1-424b-9868-57a2d4851a1d" relativeResultsDirectory="bcd5318f-919d-47e3-9088-b1a6b511f41a" />
    <UnitTestResult executionId="15b6faac-9986-45d9-b467-c8b7f54466f0" testId="072e617d-ee4c-6191-d2b4-73e09dde87a3" testName="AssetBridge.UnitTests.Services.IncidentServiceTests.UpdateIncidentStatusAsync_ShouldThrowDomainException_OnInvalidTransition_FromResolvedToPlanning" computerName="LAPTOP-U7B9ORSN" duration="00:00:00.0145006" startTime="2026-09-13T16:11:46.2212418+05:30" endTime="2026-09-13T16:11:46.2212421+05:30" testType="13cdc9d9-ddb5-4fa4-a97d-d965ccfc6d4b" outcome="Passed" testListId="8c84fa94-04c1-424b-9868-57a2d4851a1d" relativeResultsDirectory="15b6faac-9986-45d9-b467-c8b7f54466f0" />
    <UnitTestResult executionId="4a4c404e-f455-47ac-9ec9-363519322e47" testId="5a1e9426-84f2-a4bb-71ad-ffbff76bf282" testName="AssetBridge.UnitTests.Services.IncidentServiceTests.AddEvidenceAsync_ShouldAddEvidenceAndRecordHistory" computerName="LAPTOP-U7B9ORSN" duration="00:00:00.0978333" startTime="2026-09-13T16:11:46.3209150+05:30" endTime="2026-09-13T16:11:46.3209153+05:30" testType="13cdc9d9-ddb5-4fa4-a97d-d965ccfc6d4b" outcome="Passed" testListId="8c84fa94-04c1-424b-9868-57a2d4851a1d" relativeResultsDirectory="4a4c404e-f455-47ac-9ec9-363519322e47" />
    <UnitTestResult executionId="c5914b29-f07f-44ff-b8f2-7cd982fababe" testId="86a101d1-2501-1ac8-e0eb-1074d03350e2" testName="AssetBridge.UnitTests.Services.RepresentativeServiceTests.UpdateVerificationStatus_AsRepresentative_ShouldThrowUnauthorizedAccessException" computerName="LAPTOP-U7B9ORSN" duration="00:00:00.0198489" startTime="2026-09-13T16:11:46.1513252+05:30" endTime="2026-09-13T16:11:46.1513254+05:30" testType="13cdc9d9-ddb5-4fa4-a97d-d965ccfc6d4b" outcome="Passed" testListId="8c84fa94-04c1-424b-9868-57a2d4851a1d" relativeResultsDirectory="c5914b29-f07f-44ff-b8f2-7cd982fababe" />
    <UnitTestResult executionId="3a3a807c-451a-4c33-a70b-09e7a71d538f" testId="b378b1f3-5dff-fd6b-cbda-69893af11255" testName="AssetBridge.UnitTests.Security.PasswordHasherTests.VerifyPassword_ShouldReturnFalse_WhenHashIsInvalid" computerName="LAPTOP-U7B9ORSN" duration="00:00:00.0106055" startTime="2026-09-13T16:11:45.3534877+05:30" endTime="2026-09-13T16:11:45.3535102+05:30" testType="13cdc9d9-ddb5-4fa4-a97d-d965ccfc6d4b" outcome="Passed" testListId="8c84fa94-04c1-424b-9868-57a2d4851a1d" relativeResultsDirectory="3a3a807c-451a-4c33-a70b-09e7a71d538f" />
    <UnitTestResult executionId="8ef09378-b343-410b-afe7-ee06a44f50dc" testId="2d2c4689-2dcb-26fc-dd48-9692f3108009" testName="AssetBridge.UnitTests.Services.IncidentServiceTests.CreateIncidentAsync_ShouldThrowDomainException_WhenAssetIsArchived" computerName="LAPTOP-U7B9ORSN" duration="00:00:00.0035009" startTime="2026-09-13T16:11:46.3354299+05:30" endTime="2026-09-13T16:11:46.3354302+05:30" testType="13cdc9d9-ddb5-4fa4-a97d-d965ccfc6d4b" outcome="Passed" testListId="8c84fa94-04c1-424b-9868-57a2d4851a1d" relativeResultsDirectory="8ef09378-b343-410b-afe7-ee06a44f50dc" />
    <UnitTestResult executionId="29603801-edce-4ca2-b463-d937be9b4fba" testId="ccb5b48e-304a-a9c4-0f07-a9fb3cfe8213" testName="AssetBridge.UnitTests.Services.BudgetAndComparisonServiceTests.ValidateBudget_WhenQuotationIsUnderBudget_ShouldReturnIsWithinBudgetTrue" computerName="LAPTOP-U7B9ORSN" duration="00:00:00.0203323" startTime="2026-09-13T16:11:46.1527725+05:30" endTime="2026-09-13T16:11:46.1527726+05:30" testType="13cdc9d9-ddb5-4fa4-a97d-d965ccfc6d4b" outcome="Passed" testListId="8c84fa94-04c1-424b-9868-57a2d4851a1d" relativeResultsDirectory="29603801-edce-4ca2-b463-d937be9b4fba" />
    <UnitTestResult executionId="262255eb-9522-4ccb-901d-ba4db1d0fa05" testId="9a40ea42-34d0-1c4d-c74b-6d86d9bf581a" testName="AssetBridge.UnitTests.Services.IncidentServiceTests.CreateIncidentAsync_ShouldThrowValidationException_WhenBudgetIsNegative" computerName="LAPTOP-U7B9ORSN" duration="00:00:00.0024959" startTime="2026-09-13T16:11:46.3380308+05:30" endTime="2026-09-13T16:11:46.3380310+05:30" testType="13cdc9d9-ddb5-4fa4-a97d-d965ccfc6d4b" outcome="Passed" testListId="8c84fa94-04c1-424b-9868-57a2d4851a1d" relativeResultsDirectory="262255eb-9522-4ccb-901d-ba4db1d0fa05" />
    <UnitTestResult executionId="efbdcc65-42f7-4e64-b303-16e0e87a15ae" testId="877ee029-3c5e-822f-59c2-195d9bff3a1a" testName="AssetBridge.UnitTests.Services.MaintenanceJobServiceTests.CreateJob_WithInvalidSchedule_ShouldThrowValidationException" computerName="LAPTOP-U7B9ORSN" duration="00:00:00.0053376" startTime="2026-09-13T16:11:46.2338151+05:30" endTime="2026-09-13T16:11:46.2338152+05:30" testType="13cdc9d9-ddb5-4fa4-a97d-d965ccfc6d4b" outcome="Passed" testListId="8c84fa94-04c1-424b-9868-57a2d4851a1d" relativeResultsDirectory="efbdcc65-42f7-4e64-b303-16e0e87a15ae" />
    <UnitTestResult executionId="6dce5406-128d-48a8-b0c0-134b768a0fa2" testId="0b445906-513b-4d01-472e-9d775239763d" testName="AssetBridge.UnitTests.Services.BudgetAndComparisonServiceTests.ValidateBudget_WhenQuotationExceedsBudget_ShouldReturnIsWithinBudgetFalse" computerName="LAPTOP-U7B9ORSN" duration="00:00:00.7071690" startTime="2026-09-13T16:11:46.1416089+05:30" endTime="2026-09-13T16:11:46.1416090+05:30" testType="13cdc9d9-ddb5-4fa4-a97d-d965ccfc6d4b" outcome="Passed" testListId="8c84fa94-04c1-424b-9868-57a2d4851a1d" relativeResultsDirectory="6dce5406-128d-48a8-b0c0-134b768a0fa2" />
    <UnitTestResult executionId="2240849c-f0dc-4144-9e43-64aa75662432" testId="c7d7acd7-3df7-86f7-1b93-d85f634eb6e9" testName="AssetBridge.UnitTests.Services.AssetServiceTests.CreateAssetAsync_ShouldCreateAssetAndRecordHistory_WhenValid" computerName="LAPTOP-U7B9ORSN" duration="00:00:00.0088888" startTime="2026-09-13T16:11:46.3318176+05:30" endTime="2026-09-13T16:11:46.3318179+05:30" testType="13cdc9d9-ddb5-4fa4-a97d-d965ccfc6d4b" outcome="Passed" testListId="8c84fa94-04c1-424b-9868-57a2d4851a1d" relativeResultsDirectory="2240849c-f0dc-4144-9e43-64aa75662432" />
    <UnitTestResult executionId="5c0cd027-247a-4212-a9ab-76d557979ee0" testId="db8d66af-2dff-124a-4a49-767d73b17ffc" testName="AssetBridge.UnitTests.Services.ServiceProviderServiceTests.AddAvailability_InvalidTimeRange_ShouldThrowValidationException" computerName="LAPTOP-U7B9ORSN" duration="00:00:00.0046662" startTime="2026-09-13T16:11:46.1593950+05:30" endTime="2026-09-13T16:11:46.1593952+05:30" testType="13cdc9d9-ddb5-4fa4-a97d-d965ccfc6d4b" outcome="Passed" testListId="8c84fa94-04c1-424b-9868-57a2d4851a1d" relativeResultsDirectory="5c0cd027-247a-4212-a9ab-76d557979ee0" />
    <UnitTestResult executionId="ea5ce534-cce6-4d2b-80c5-b761a8f7a61b" testId="9f4424f4-190e-d4f5-2b65-73dd1448429e" testName="AssetBridge.UnitTests.Services.RepresentativeServiceTests.UpdateVerificationStatus_AsManager_ShouldSucceed" computerName="LAPTOP-U7B9ORSN" duration="00:00:00.4904374" startTime="2026-09-13T16:11:46.1415660+05:30" endTime="2026-09-13T16:11:46.1415662+05:30" testType="13cdc9d9-ddb5-4fa4-a97d-d965ccfc6d4b" outcome="Passed" testListId="8c84fa94-04c1-424b-9868-57a2d4851a1d" relativeResultsDirectory="ea5ce534-cce6-4d2b-80c5-b761a8f7a61b" />
    <UnitTestResult executionId="13903e29-74bd-4a37-b19d-5b7db5e89b43" testId="56f41935-451e-253f-1cef-fa47ac6bd256" testName="AssetBridge.UnitTests.Services.InspectionServiceTests.CompleteInspection_WithoutSummaryOrFindings_ShouldThrowValidationException" computerName="LAPTOP-U7B9ORSN" duration="00:00:00.0035549" startTime="2026-09-13T16:11:46.3869959+05:30" endTime="2026-09-13T16:11:46.3869961+05:30" testType="13cdc9d9-ddb5-4fa4-a97d-d965ccfc6d4b" outcome="Passed" testListId="8c84fa94-04c1-424b-9868-57a2d4851a1d" relativeResultsDirectory="13903e29-74bd-4a37-b19d-5b7db5e89b43" />
    <UnitTestResult executionId="43f9886f-f886-445a-a0d6-bb3f2d076553" testId="b5ccf8bd-882f-5766-4e99-9b960130a578" testName="AssetBridge.UnitTests.Services.RepresentativeServiceTests.GetRepresentatives_AsOwner_ShouldOnlyReturnVerifiedActiveRepresentatives" computerName="LAPTOP-U7B9ORSN" duration="00:00:00.0531420" startTime="2026-09-13T16:11:46.2485724+05:30" endTime="2026-09-13T16:11:46.2485725+05:30" testType="13cdc9d9-ddb5-4fa4-a97d-d965ccfc6d4b" outcome="Passed" testListId="8c84fa94-04c1-424b-9868-57a2d4851a1d" relativeResultsDirectory="43f9886f-f886-445a-a0d6-bb3f2d076553" />
    <UnitTestResult executionId="16b3a474-3893-4548-aacb-359e91448136" testId="b3aa4690-2083-6b81-3765-8f7b5d19eca9" testName="AssetBridge.UnitTests.Services.AssetServiceTests.GetAssetByIdAsync_ShouldReturnAsset_WhenOwnerAccessesOwnAsset" computerName="LAPTOP-U7B9ORSN" duration="00:00:00.0326378" startTime="2026-09-13T16:11:46.3209654+05:30" endTime="2026-09-13T16:11:46.3209654+05:30" testType="13cdc9d9-ddb5-4fa4-a97d-d965ccfc6d4b" outcome="Passed" testListId="8c84fa94-04c1-424b-9868-57a2d4851a1d" relativeResultsDirectory="16b3a474-3893-4548-aacb-359e91448136" />
    <UnitTestResult executionId="5166a1ea-390f-46da-9f3c-0dfbbf6a8432" testId="6837238d-d1ef-982f-f61d-4a388849fc89" testName="AssetBridge.UnitTests.Services.ServiceProviderServiceTests.AddSkill_ValidSkill_ShouldAddToProvider" computerName="LAPTOP-U7B9ORSN" duration="00:00:00.0215272" startTime="2026-09-13T16:11:46.1548022+05:30" endTime="2026-09-13T16:11:46.1548024+05:30" testType="13cdc9d9-ddb5-4fa4-a97d-d965ccfc6d4b" outcome="Passed" testListId="8c84fa94-04c1-424b-9868-57a2d4851a1d" relativeResultsDirectory="5166a1ea-390f-46da-9f3c-0dfbbf6a8432" />
    <UnitTestResult executionId="acdeed35-8cc4-481b-b505-ddcb53042051" testId="58a7f525-5ead-f7d8-9a03-33229a0ef581" testName="AssetBridge.UnitTests.Security.PasswordHasherTests.VerifyPassword_ShouldReturnFalse_WhenPasswordDoesNotMatchHash" computerName="LAPTOP-U7B9ORSN" duration="00:00:03.3498496" startTime="2026-09-13T16:11:50.2522264+05:30" endTime="2026-09-13T16:11:50.2522270+05:30" testType="13cdc9d9-ddb5-4fa4-a97d-d965ccfc6d4b" outcome="Passed" testListId="8c84fa94-04c1-424b-9868-57a2d4851a1d" relativeResultsDirectory="acdeed35-8cc4-481b-b505-ddcb53042051" />
    <UnitTestResult executionId="cc9f67db-52c1-49b2-a277-82d8ae9dfd69" testId="3efc968b-efde-cc70-b953-c409cc59435e" testName="AssetBridge.UnitTests.Services.AssetServiceTests.DeleteAssetAsync_ShouldSoftDeleteToArchived" computerName="LAPTOP-U7B9ORSN" duration="00:00:00.8171362" startTime="2026-09-13T16:11:46.1528140+05:30" endTime="2026-09-13T16:11:46.1528140+05:30" testType="13cdc9d9-ddb5-4fa4-a97d-d965ccfc6d4b" outcome="Passed" testListId="8c84fa94-04c1-424b-9868-57a2d4851a1d" relativeResultsDirectory="cc9f67db-52c1-49b2-a277-82d8ae9dfd69" />
    <UnitTestResult executionId="4db31f9e-7914-4881-9626-27c573b1a829" testId="d0a0f41c-0b93-2272-35ae-29863901d2b6" testName="AssetBridge.UnitTests.Integration.MaintenanceCoordinationIntegrationTests.EndToEndMaintenanceWorkflow_Incident_Inspection_Findings_Quotation_Budget_Comparison_Job_History" computerName="LAPTOP-U7B9ORSN" duration="00:00:10.0493798" startTime="2026-09-13T16:11:55.3849544+05:30" endTime="2026-09-13T16:11:55.3849547+05:30" testType="13cdc9d9-ddb5-4fa4-a97d-d965ccfc6d4b" outcome="Passed" testListId="8c84fa94-04c1-424b-9868-57a2d4851a1d" relativeResultsDirectory="4db31f9e-7914-4881-9626-27c573b1a829" />
    <UnitTestResult executionId="cd9452fd-e04d-4c9e-ba30-13bc69d16a3b" testId="f0f0b12d-f260-3ef6-cc41-6ef0fe403e26" testName="AssetBridge.UnitTests.Services.AuthServiceTests.RegisterAsync_ShouldThrowValidationException_WhenEmailAlreadyExists" computerName="LAPTOP-U7B9ORSN" duration="00:00:00.0571879" startTime="2026-09-13T16:11:46.2228521+05:30" endTime="2026-09-13T16:11:46.2228523+05:30" testType="13cdc9d9-ddb5-4fa4-a97d-d965ccfc6d4b" outcome="Passed" testListId="8c84fa94-04c1-424b-9868-57a2d4851a1d" relativeResultsDirectory="cd9452fd-e04d-4c9e-ba30-13bc69d16a3b" />
    <UnitTestResult executionId="581052a4-b232-4931-9c7d-b27ecdcdc12c" testId="d6a760c7-9fad-a344-2265-360ff7f65a37" testName="AssetBridge.UnitTests.Services.QuotationServiceTests.AddItem_ToSubmittedQuotation_ShouldRecalculateTotalAmount" computerName="LAPTOP-U7B9ORSN" duration="00:00:00.2097209" startTime="2026-09-13T16:11:46.3615596+05:30" endTime="2026-09-13T16:11:46.3615599+05:30" testType="13cdc9d9-ddb5-4fa4-a97d-d965ccfc6d4b" outcome="Failed" testListId="8c84fa94-04c1-424b-9868-57a2d4851a1d" relativeResultsDirectory="581052a4-b232-4931-9c7d-b27ecdcdc12c">
      <Output>
        <ErrorInfo>
          <Message>Microsoft.EntityFrameworkCore.DbUpdateConcurrencyException : Attempted to update or delete an entity that does not exist in the store.</Message>
          <StackTrace>   at Microsoft.EntityFrameworkCore.InMemory.Storage.Internal.InMemoryTable`1.Update(IUpdateEntry entry, IDiagnosticsLogger`1 updateLogger)&#xD;
   at Microsoft.EntityFrameworkCore.InMemory.Storage.Internal.InMemoryStore.ExecuteTransaction(IList`1 entries, IDiagnosticsLogger`1 updateLogger)&#xD;
   at Microsoft.EntityFrameworkCore.InMemory.Storage.Internal.InMemoryDatabase.SaveChangesAsync(IList`1 entries, CancellationToken cancellationToken)&#xD;
   at Microsoft.EntityFrameworkCore.ChangeTracking.Internal.StateManager.SaveChangesAsync(IList`1 entriesToSave, CancellationToken cancellationToken)&#xD;
   at Microsoft.EntityFrameworkCore.ChangeTracking.Internal.StateManager.SaveChangesAsync(StateManager stateManager, Boolean acceptAllChangesOnSuccess, CancellationToken cancellationToken)&#xD;
   at Microsoft.EntityFrameworkCore.DbContext.SaveChangesAsync(Boolean acceptAllChangesOnSuccess, CancellationToken cancellationToken)&#xD;
   at AssetBridge.Application.Services.Implementations.QuotationService.AddItemAsync(Guid quotationId, CreateQuotationItemRequestDto request, CancellationToken cancellationToken) in C:\Users\VICTUS\Desktop\assetbridge-ai-pro\backend\src\AssetBridge.Application\Services\Implementations\QuotationService.cs:line 349&#xD;
   at AssetBridge.UnitTests.Services.QuotationServiceTests.AddItem_ToSubmittedQuotation_ShouldRecalculateTotalAmount() in C:\Users\VICTUS\Desktop\assetbridge-ai-pro\backend\tests\AssetBridge.UnitTests\Services\QuotationServiceTests.cs:line 189&#xD;
--- End of stack trace from previous location ---</StackTrace>
        </ErrorInfo>
      </Output>
    </UnitTestResult>
    <UnitTestResult executionId="5559746d-2e6e-42d7-b217-82d261e069e7" testId="92ad846b-53f4-2cd2-0d00-153b30db33da" testName="AssetBridge.UnitTests.Services.AuthServiceTests.LoginAsync_ShouldThrowValidationException_WhenPasswordIsInvalid" computerName="LAPTOP-U7B9ORSN" duration="00:00:00.0053011" startTime="2026-09-13T16:11:46.2286664+05:30" endTime="2026-09-13T16:11:46.2286666+05:30" testType="13cdc9d9-ddb5-4fa4-a97d-d965ccfc6d4b" outcome="Passed" testListId="8c84fa94-04c1-424b-9868-57a2d4851a1d" relativeResultsDirectory="5559746d-2e6e-42d7-b217-82d261e069e7" />
    <UnitTestResult executionId="72a97a2a-31b3-4f6c-b5a8-cb0225339555" testId="2d897973-a734-5140-2b76-a10de339ffdb" testName="AssetBridge.UnitTests.Services.AuthServiceTests.RegisterAsync_ShouldCreateUser_WhenEmailIsUnique" computerName="LAPTOP-U7B9ORSN" duration="00:00:00.7650312" startTime="2026-09-13T16:11:46.1015890+05:30" endTime="2026-09-13T16:11:46.1015891+05:30" testType="13cdc9d9-ddb5-4fa4-a97d-d965ccfc6d4b" outcome="Passed" testListId="8c84fa94-04c1-424b-9868-57a2d4851a1d" relativeResultsDirectory="72a97a2a-31b3-4f6c-b5a8-cb0225339555" />
    <UnitTestResult executionId="36553a0c-3622-477e-aa17-2815da10fbe5" testId="940907f0-5523-01ab-1e8d-581f5be61152" testName="AssetBridge.UnitTests.Services.InspectionServiceTests.AddFinding_ValidData_ShouldAddToInspection" computerName="LAPTOP-U7B9ORSN" duration="00:00:00.0976720" startTime="2026-09-13T16:11:46.3833174+05:30" endTime="2026-09-13T16:11:46.3833177+05:30" testType="13cdc9d9-ddb5-4fa4-a97d-d965ccfc6d4b" outcome="Passed" testListId="8c84fa94-04c1-424b-9868-57a2d4851a1d" relativeResultsDirectory="36553a0c-3622-477e-aa17-2815da10fbe5" />
    <UnitTestResult executionId="665ba111-1b61-4dc5-879f-da2e6099bb33" testId="259e2566-689a-8925-fcb6-f5b31f15676e" testName="AssetBridge.UnitTests.Services.AssetServiceTests.GetAssetsAsync_ShouldFilterByOwner_WhenCallerIsOwner" computerName="LAPTOP-U7B9ORSN" duration="00:00:00.0362855" startTime="2026-09-13T16:11:46.2875684+05:30" endTime="2026-09-13T16:11:46.2875688+05:30" testType="13cdc9d9-ddb5-4fa4-a97d-d965ccfc6d4b" outcome="Passed" testListId="8c84fa94-04c1-424b-9868-57a2d4851a1d" relativeResultsDirectory="665ba111-1b61-4dc5-879f-da2e6099bb33" />
    <UnitTestResult executionId="bd62eda6-b613-4fb9-bcfa-45c83161d398" testId="fa74c2a1-6164-7586-0ca6-9befb12b78cc" testName="AssetBridge.UnitTests.Integration.AssetAndIncidentIntegrationTests.EndToEndFlow_Register_Login_CreateAsset_CreateIncident_ViewHistory" computerName="LAPTOP-U7B9ORSN" duration="00:00:02.2945373" startTime="2026-09-13T16:11:47.9471527+05:30" endTime="2026-09-13T16:11:47.9471533+05:30" testType="13cdc9d9-ddb5-4fa4-a97d-d965ccfc6d4b" outcome="Passed" testListId="8c84fa94-04c1-424b-9868-57a2d4851a1d" relativeResultsDirectory="bd62eda6-b613-4fb9-bcfa-45c83161d398" />
    <UnitTestResult executionId="44a49012-b840-49bc-af6b-4892a746a3e7" testId="edb60554-f593-1c29-bfe0-2cfbfabb493e" testName="AssetBridge.UnitTests.Services.ServiceProviderServiceTests.CreateServiceProvider_WithValidData_ShouldCreatePendingProvider" computerName="LAPTOP-U7B9ORSN" duration="00:00:00.0597921" startTime="2026-09-13T16:11:46.2193232+05:30" endTime="2026-09-13T16:11:46.2193234+05:30" testType="13cdc9d9-ddb5-4fa4-a97d-d965ccfc6d4b" outcome="Passed" testListId="8c84fa94-04c1-424b-9868-57a2d4851a1d" relativeResultsDirectory="44a49012-b840-49bc-af6b-4892a746a3e7" />
    <UnitTestResult executionId="1e989799-2d28-4ab8-a42f-a65d84c9420d" testId="20234db5-17d1-8ece-5b83-20347c2d3e65" testName="AssetBridge.UnitTests.Services.QuotationServiceTests.CreateQuotation_WithLineItems_ShouldCalculateSubtotalAndTotalServerSide" computerName="LAPTOP-U7B9ORSN" duration="00:00:00.0050785" startTime="2026-09-13T16:11:46.3617590+05:30" endTime="2026-09-13T16:11:46.3617590+05:30" testType="13cdc9d9-ddb5-4fa4-a97d-d965ccfc6d4b" outcome="Passed" testListId="8c84fa94-04c1-424b-9868-57a2d4851a1d" relativeResultsDirectory="1e989799-2d28-4ab8-a42f-a65d84c9420d" />
    <UnitTestResult executionId="1bcdbf17-46dc-4319-9474-36bd1a362c0a" testId="ae4102fd-84e6-448b-53b3-d6627899d325" testName="AssetBridge.UnitTests.Middleware.GlobalExceptionHandlingMiddlewareTests.InvokeAsync_ShouldReturnNotFound_WhenEntityNotFoundExceptionIsThrown" computerName="LAPTOP-U7B9ORSN" duration="00:00:00.0833150" startTime="2026-09-13T16:11:45.4189205+05:30" endTime="2026-09-13T16:11:45.4189218+05:30" testType="13cdc9d9-ddb5-4fa4-a97d-d965ccfc6d4b" outcome="Passed" testListId="8c84fa94-04c1-424b-9868-57a2d4851a1d" relativeResultsDirectory="1bcdbf17-46dc-4319-9474-36bd1a362c0a" />
    <UnitTestResult executionId="202cf99c-f95b-4ee0-aca6-3a47d9ed02d9" testId="b134f5a5-7cdf-0615-09fd-fdd318bd7a12" testName="AssetBridge.UnitTests.Services.QuotationServiceTests.CreateQuotation_WithZeroOrNegativeQuantity_ShouldThrowValidationException" computerName="LAPTOP-U7B9ORSN" duration="00:00:00.8042529" startTime="2026-09-13T16:11:46.1416612+05:30" endTime="2026-09-13T16:11:46.1416613+05:30" testType="13cdc9d9-ddb5-4fa4-a97d-d965ccfc6d4b" outcome="Passed" testListId="8c84fa94-04c1-424b-9868-57a2d4851a1d" relativeResultsDirectory="202cf99c-f95b-4ee0-aca6-3a47d9ed02d9" />
    <UnitTestResult executionId="0fc038b7-8752-4934-b7c3-51af6b9df90b" testId="b534f789-97ae-afb9-f40a-10603459cba2" testName="AssetBridge.UnitTests.Services.ProviderMatchingServiceTests.MatchProviders_WhenAvailabilityDiffers_ShouldRankAvailableProviderHigher" computerName="LAPTOP-U7B9ORSN" duration="00:00:00.0091238" startTime="2026-09-13T16:11:46.2105920+05:30" endTime="2026-09-13T16:11:46.2105920+05:30" testType="13cdc9d9-ddb5-4fa4-a97d-d965ccfc6d4b" outcome="Passed" testListId="8c84fa94-04c1-424b-9868-57a2d4851a1d" relativeResultsDirectory="0fc038b7-8752-4934-b7c3-51af6b9df90b" />
    <UnitTestResult executionId="5e40650b-cad8-4f14-b6ba-b219cba571af" testId="a04ff0d2-0255-49b1-696b-61605724f5c3" testName="AssetBridge.UnitTests.Services.ServiceProviderServiceTests.AddSkill_DuplicateInSameCategory_ShouldThrowValidationException" computerName="LAPTOP-U7B9ORSN" duration="00:00:00.7975188" startTime="2026-09-13T16:11:46.1416353+05:30" endTime="2026-09-13T16:11:46.1416353+05:30" testType="13cdc9d9-ddb5-4fa4-a97d-d965ccfc6d4b" outcome="Passed" testListId="8c84fa94-04c1-424b-9868-57a2d4851a1d" relativeResultsDirectory="5e40650b-cad8-4f14-b6ba-b219cba571af" />
    <UnitTestResult executionId="f509d483-da50-47c2-8fab-25d9bb088789" testId="6cdb6948-3572-1b95-77fe-e401456638f4" testName="AssetBridge.UnitTests.Services.RepresentativeServiceTests.CreateRepresentative_WithValidData_ShouldCreatePendingRepresentative" computerName="LAPTOP-U7B9ORSN" duration="00:00:00.0071900" startTime="2026-09-13T16:11:46.2614800+05:30" endTime="2026-09-13T16:11:46.2614804+05:30" testType="13cdc9d9-ddb5-4fa4-a97d-d965ccfc6d4b" outcome="Passed" testListId="8c84fa94-04c1-424b-9868-57a2d4851a1d" relativeResultsDirectory="f509d483-da50-47c2-8fab-25d9bb088789" />
    <UnitTestResult executionId="5a6252f4-652b-4c9a-b3dc-ca593feac7bf" testId="b7b6f67d-ede7-8fd7-7a8b-1569b37a4600" testName="AssetBridge.UnitTests.Services.ProviderMatchingServiceTests.MatchProviders_WithCoordinates_ShouldRankCloserProviderHigher" computerName="LAPTOP-U7B9ORSN" duration="00:00:00.8657950" startTime="2026-09-13T16:11:46.2026153+05:30" endTime="2026-09-13T16:11:46.2026155+05:30" testType="13cdc9d9-ddb5-4fa4-a97d-d965ccfc6d4b" outcome="Passed" testListId="8c84fa94-04c1-424b-9868-57a2d4851a1d" relativeResultsDirectory="5a6252f4-652b-4c9a-b3dc-ca593feac7bf" />
    <UnitTestResult executionId="308f4382-5078-4231-8542-46407a277df2" testId="ad3761a9-3e22-abae-1676-fc598cc2a289" testName="AssetBridge.UnitTests.Integration.ProviderCoordinationIntegrationTests.EndToEndProviderCoordinationFlow_Register_Profile_Skills_Availability_Verification_Matching" computerName="LAPTOP-U7B9ORSN" duration="00:00:08.7896390" startTime="2026-09-13T16:11:54.1251884+05:30" endTime="2026-09-13T16:11:54.1251885+05:30" testType="13cdc9d9-ddb5-4fa4-a97d-d965ccfc6d4b" outcome="Passed" testListId="8c84fa94-04c1-424b-9868-57a2d4851a1d" relativeResultsDirectory="308f4382-5078-4231-8542-46407a277df2" />
    <UnitTestResult executionId="f9f922df-beee-4f6b-8c9b-aee796bc59e5" testId="92a824bd-97c2-4782-7f6e-5f672a1b9eb1" testName="AssetBridge.UnitTests.Services.RepresentativeServiceTests.CreateRepresentative_WhenProfileAlreadyExists_ShouldThrowValidationException" computerName="LAPTOP-U7B9ORSN" duration="00:00:00.0427367" startTime="2026-09-13T16:11:46.2020369+05:30" endTime="2026-09-13T16:11:46.2020372+05:30" testType="13cdc9d9-ddb5-4fa4-a97d-d965ccfc6d4b" outcome="Passed" testListId="8c84fa94-04c1-424b-9868-57a2d4851a1d" relativeResultsDirectory="f9f922df-beee-4f6b-8c9b-aee796bc59e5" />
    <UnitTestResult executionId="2e1c6b48-5ff3-4aaf-a158-85267231cfd9" testId="8306305a-1bc9-a17f-32ef-3b7be30d00d0" testName="AssetBridge.UnitTests.Services.IncidentServiceTests.UpdateIncidentStatusAsync_ShouldAllowValidTransition_FromReportedToPlanning" computerName="LAPTOP-U7B9ORSN" duration="00:00:00.8711676" startTime="2026-09-13T16:11:46.2105348+05:30" endTime="2026-09-13T16:11:46.2105352+05:30" testType="13cdc9d9-ddb5-4fa4-a97d-d965ccfc6d4b" outcome="Passed" testListId="8c84fa94-04c1-424b-9868-57a2d4851a1d" relativeResultsDirectory="2e1c6b48-5ff3-4aaf-a158-85267231cfd9" />
    <UnitTestResult executionId="7285ab65-229d-4e62-b38a-0fd73f7c1ae9" testId="f81ca984-533c-33ee-cbc0-32661163337e" testName="AssetBridge.UnitTests.Services.ServiceProviderServiceTests.AddHistoryEntry_JobCompleted_ShouldIncrementCompletedJobsAndRecalculateRating" computerName="LAPTOP-U7B9ORSN" duration="00:00:00.0715763" startTime="2026-09-13T16:11:46.2910187+05:30" endTime="2026-09-13T16:11:46.2910190+05:30" testType="13cdc9d9-ddb5-4fa4-a97d-d965ccfc6d4b" outcome="Passed" testListId="8c84fa94-04c1-424b-9868-57a2d4851a1d" relativeResultsDirectory="7285ab65-229d-4e62-b38a-0fd73f7c1ae9" />
    <UnitTestResult executionId="42fdfcff-09d7-4f4f-834a-9b1b40c31def" testId="ea759cc2-d72a-55aa-18ce-042b3c75917f" testName="AssetBridge.UnitTests.Services.AssetServiceTests.GetAssetsAsync_ShouldAllowManager_ToViewAllAssets" computerName="LAPTOP-U7B9ORSN" duration="00:00:00.0984315" startTime="2026-09-13T16:11:46.2522255+05:30" endTime="2026-09-13T16:11:46.2522257+05:30" testType="13cdc9d9-ddb5-4fa4-a97d-d965ccfc6d4b" outcome="Passed" testListId="8c84fa94-04c1-424b-9868-57a2d4851a1d" relativeResultsDirectory="42fdfcff-09d7-4f4f-834a-9b1b40c31def" />
    <UnitTestResult executionId="4636c905-cc54-4cb0-96a5-90b07c31ff1e" testId="e46ed508-45e2-bbf7-b507-922853935529" testName="AssetBridge.UnitTests.Services.BudgetAndComparisonServiceTests.CompareQuotations_ShouldRankCheaperAndVerifiedQuoteHigher" computerName="LAPTOP-U7B9ORSN" duration="00:00:00.1353549" startTime="2026-09-13T16:11:46.2879785+05:30" endTime="2026-09-13T16:11:46.2879787+05:30" testType="13cdc9d9-ddb5-4fa4-a97d-d965ccfc6d4b" outcome="Passed" testListId="8c84fa94-04c1-424b-9868-57a2d4851a1d" relativeResultsDirectory="4636c905-cc54-4cb0-96a5-90b07c31ff1e" />
    <UnitTestResult executionId="0fb1bb1a-9f06-4648-8df6-afbe5e887b48" testId="b284a317-5f9c-9460-0d1a-6f337e301c57" testName="AssetBridge.UnitTests.Services.ProviderMatchingServiceTests.MatchProviders_ShouldExcludeUnverifiedProviders" computerName="LAPTOP-U7B9ORSN" duration="00:00:00.0222148" startTime="2026-09-13T16:11:46.2328951+05:30" endTime="2026-09-13T16:11:46.2328953+05:30" testType="13cdc9d9-ddb5-4fa4-a97d-d965ccfc6d4b" outcome="Passed" testListId="8c84fa94-04c1-424b-9868-57a2d4851a1d" relativeResultsDirectory="0fb1bb1a-9f06-4648-8df6-afbe5e887b48" />
    <UnitTestResult executionId="8ddf1f84-ff2e-481e-98f2-c697f2f316ff" testId="de9c928d-0f34-00d0-08fc-fe802a8eb9df" testName="AssetBridge.UnitTests.Services.InspectionServiceTests.CreateInspection_WithValidData_ShouldCreateScheduledInspection" computerName="LAPTOP-U7B9ORSN" duration="00:00:00.9500343" startTime="2026-09-13T16:11:46.2854907+05:30" endTime="2026-09-13T16:11:46.2854910+05:30" testType="13cdc9d9-ddb5-4fa4-a97d-d965ccfc6d4b" outcome="Passed" testListId="8c84fa94-04c1-424b-9868-57a2d4851a1d" relativeResultsDirectory="8ddf1f84-ff2e-481e-98f2-c697f2f316ff" />
    <UnitTestResult executionId="61b8992c-2c53-429f-ab75-8b5735d5ed48" testId="927138b2-ca88-13fd-49c5-d9906bcae856" testName="AssetBridge.UnitTests.Services.IncidentServiceTests.CreateIncidentAsync_ShouldCreateIncidentAndRecordHistory_WhenValid" computerName="LAPTOP-U7B9ORSN" duration="00:00:00.0073084" startTime="2026-09-13T16:11:46.3454674+05:30" endTime="2026-09-13T16:11:46.3454680+05:30" testType="13cdc9d9-ddb5-4fa4-a97d-d965ccfc6d4b" outcome="Passed" testListId="8c84fa94-04c1-424b-9868-57a2d4851a1d" relativeResultsDirectory="61b8992c-2c53-429f-ab75-8b5735d5ed48" />
  </Results>
  <TestDefinitions>
    <UnitTest name="AssetBridge.UnitTests.Services.BudgetAndComparisonServiceTests.ValidateBudget_WhenQuotationIsUnderBudget_ShouldReturnIsWithinBudgetTrue" storage="c:\users\victus\desktop\assetbridge-ai-pro\backend\tests\assetbridge.unittests\bin\debug\net8.0\assetbridge.unittests.dll" id="ccb5b48e-304a-a9c4-0f07-a9fb3cfe8213">
      <Execution id="29603801-edce-4ca2-b463-d937be9b4fba" />
      <TestMethod codeBase="C:\Users\VICTUS\Desktop\assetbridge-ai-pro\backend\tests\AssetBridge.UnitTests\bin\Debug\net8.0\AssetBridge.UnitTests.dll" adapterTypeName="executor://xunit/VsTestRunner2/netcoreapp" className="AssetBridge.UnitTests.Services.BudgetAndComparisonServiceTests" name="ValidateBudget_WhenQuotationIsUnderBudget_ShouldReturnIsWithinBudgetTrue" />
    </UnitTest>
    <UnitTest name="AssetBridge.UnitTests.Integration.MaintenanceCoordinationIntegrationTests.EndToEndMaintenanceWorkflow_Incident_Inspection_Findings_Quotation_Budget_Comparison_Job_History" storage="c:\users\victus\desktop\assetbridge-ai-pro\backend\tests\assetbridge.unittests\bin\debug\net8.0\assetbridge.unittests.dll" id="d0a0f41c-0b93-2272-35ae-29863901d2b6">
      <Execution id="4db31f9e-7914-4881-9626-27c573b1a829" />
      <TestMethod codeBase="C:\Users\VICTUS\Desktop\assetbridge-ai-pro\backend\tests\AssetBridge.UnitTests\bin\Debug\net8.0\AssetBridge.UnitTests.dll" adapterTypeName="executor://xunit/VsTestRunner2/netcoreapp" className="AssetBridge.UnitTests.Integration.MaintenanceCoordinationIntegrationTests" name="EndToEndMaintenanceWorkflow_Incident_Inspection_Findings_Quotation_Budget_Comparison_Job_History" />
    </UnitTest>
    <UnitTest name="AssetBridge.UnitTests.Security.PasswordHasherTests.VerifyPassword_ShouldReturnFalse_WhenPasswordDoesNotMatchHash" storage="c:\users\victus\desktop\assetbridge-ai-pro\backend\tests\assetbridge.unittests\bin\debug\net8.0\assetbridge.unittests.dll" id="58a7f525-5ead-f7d8-9a03-33229a0ef581">
      <Execution id="acdeed35-8cc4-481b-b505-ddcb53042051" />
      <TestMethod codeBase="C:\Users\VICTUS\Desktop\assetbridge-ai-pro\backend\tests\AssetBridge.UnitTests\bin\Debug\net8.0\AssetBridge.UnitTests.dll" adapterTypeName="executor://xunit/VsTestRunner2/netcoreapp" className="AssetBridge.UnitTests.Security.PasswordHasherTests" name="VerifyPassword_ShouldReturnFalse_WhenPasswordDoesNotMatchHash" />
    </UnitTest>
    <UnitTest name="AssetBridge.UnitTests.Services.InspectionServiceTests.CompleteInspection_WithoutSummaryOrFindings_ShouldThrowValidationException" storage="c:\users\victus\desktop\assetbridge-ai-pro\backend\tests\assetbridge.unittests\bin\debug\net8.0\assetbridge.unittests.dll" id="56f41935-451e-253f-1cef-fa47ac6bd256">
      <Execution id="13903e29-74bd-4a37-b19d-5b7db5e89b43" />
      <TestMethod codeBase="C:\Users\VICTUS\Desktop\assetbridge-ai-pro\backend\tests\AssetBridge.UnitTests\bin\Debug\net8.0\AssetBridge.UnitTests.dll" adapterTypeName="executor://xunit/VsTestRunner2/netcoreapp" className="AssetBridge.UnitTests.Services.InspectionServiceTests" name="CompleteInspection_WithoutSummaryOrFindings_ShouldThrowValidationException" />
    </UnitTest>
    <UnitTest name="AssetBridge.UnitTests.Services.IncidentServiceTests.CreateIncidentAsync_ShouldCreateIncidentAndRecordHistory_WhenValid" storage="c:\users\victus\desktop\assetbridge-ai-pro\backend\tests\assetbridge.unittests\bin\debug\net8.0\assetbridge.unittests.dll" id="927138b2-ca88-13fd-49c5-d9906bcae856">
      <Execution id="61b8992c-2c53-429f-ab75-8b5735d5ed48" />
      <TestMethod codeBase="C:\Users\VICTUS\Desktop\assetbridge-ai-pro\backend\tests\AssetBridge.UnitTests\bin\Debug\net8.0\AssetBridge.UnitTests.dll" adapterTypeName="executor://xunit/VsTestRunner2/netcoreapp" className="AssetBridge.UnitTests.Services.IncidentServiceTests" name="CreateIncidentAsync_ShouldCreateIncidentAndRecordHistory_WhenValid" />
    </UnitTest>
    <UnitTest name="AssetBridge.UnitTests.Services.ServiceProviderServiceTests.AddSkill_DuplicateInSameCategory_ShouldThrowValidationException" storage="c:\users\victus\desktop\assetbridge-ai-pro\backend\tests\assetbridge.unittests\bin\debug\net8.0\assetbridge.unittests.dll" id="a04ff0d2-0255-49b1-696b-61605724f5c3">
      <Execution id="5e40650b-cad8-4f14-b6ba-b219cba571af" />
      <TestMethod codeBase="C:\Users\VICTUS\Desktop\assetbridge-ai-pro\backend\tests\AssetBridge.UnitTests\bin\Debug\net8.0\AssetBridge.UnitTests.dll" adapterTypeName="executor://xunit/VsTestRunner2/netcoreapp" className="AssetBridge.UnitTests.Services.ServiceProviderServiceTests" name="AddSkill_DuplicateInSameCategory_ShouldThrowValidationException" />
    </UnitTest>
    <UnitTest name="AssetBridge.UnitTests.Services.MaintenanceJobServiceTests.CreateJob_WithInvalidSchedule_ShouldThrowValidationException" storage="c:\users\victus\desktop\assetbridge-ai-pro\backend\tests\assetbridge.unittests\bin\debug\net8.0\assetbridge.unittests.dll" id="877ee029-3c5e-822f-59c2-195d9bff3a1a">
      <Execution id="efbdcc65-42f7-4e64-b303-16e0e87a15ae" />
      <TestMethod codeBase="C:\Users\VICTUS\Desktop\assetbridge-ai-pro\backend\tests\AssetBridge.UnitTests\bin\Debug\net8.0\AssetBridge.UnitTests.dll" adapterTypeName="executor://xunit/VsTestRunner2/netcoreapp" className="AssetBridge.UnitTests.Services.MaintenanceJobServiceTests" name="CreateJob_WithInvalidSchedule_ShouldThrowValidationException" />
    </UnitTest>
    <UnitTest name="AssetBridge.UnitTests.Services.RepresentativeServiceTests.CreateRepresentative_WithValidData_ShouldCreatePendingRepresentative" storage="c:\users\victus\desktop\assetbridge-ai-pro\backend\tests\assetbridge.unittests\bin\debug\net8.0\assetbridge.unittests.dll" id="6cdb6948-3572-1b95-77fe-e401456638f4">
      <Execution id="f509d483-da50-47c2-8fab-25d9bb088789" />
      <TestMethod codeBase="C:\Users\VICTUS\Desktop\assetbridge-ai-pro\backend\tests\AssetBridge.UnitTests\bin\Debug\net8.0\AssetBridge.UnitTests.dll" adapterTypeName="executor://xunit/VsTestRunner2/netcoreapp" className="AssetBridge.UnitTests.Services.RepresentativeServiceTests" name="CreateRepresentative_WithValidData_ShouldCreatePendingRepresentative" />
    </UnitTest>
    <UnitTest name="AssetBridge.UnitTests.Security.PasswordHasherTests.VerifyPassword_ShouldReturnFalse_WhenHashIsInvalid" storage="c:\users\victus\desktop\assetbridge-ai-pro\backend\tests\assetbridge.unittests\bin\debug\net8.0\assetbridge.unittests.dll" id="b378b1f3-5dff-fd6b-cbda-69893af11255">
      <Execution id="3a3a807c-451a-4c33-a70b-09e7a71d538f" />
      <TestMethod codeBase="C:\Users\VICTUS\Desktop\assetbridge-ai-pro\backend\tests\AssetBridge.UnitTests\bin\Debug\net8.0\AssetBridge.UnitTests.dll" adapterTypeName="executor://xunit/VsTestRunner2/netcoreapp" className="AssetBridge.UnitTests.Security.PasswordHasherTests" name="VerifyPassword_ShouldReturnFalse_WhenHashIsInvalid" />
    </UnitTest>
    <UnitTest name="AssetBridge.UnitTests.Services.AuthServiceTests.RegisterAsync_ShouldThrowValidationException_WhenEmailAlreadyExists" storage="c:\users\victus\desktop\assetbridge-ai-pro\backend\tests\assetbridge.unittests\bin\debug\net8.0\assetbridge.unittests.dll" id="f0f0b12d-f260-3ef6-cc41-6ef0fe403e26">
      <Execution id="cd9452fd-e04d-4c9e-ba30-13bc69d16a3b" />
      <TestMethod codeBase="C:\Users\VICTUS\Desktop\assetbridge-ai-pro\backend\tests\AssetBridge.UnitTests\bin\Debug\net8.0\AssetBridge.UnitTests.dll" adapterTypeName="executor://xunit/VsTestRunner2/netcoreapp" className="AssetBridge.UnitTests.Services.AuthServiceTests" name="RegisterAsync_ShouldThrowValidationException_WhenEmailAlreadyExists" />
    </UnitTest>
    <UnitTest name="AssetBridge.UnitTests.Services.ServiceProviderServiceTests.AddSkill_ValidSkill_ShouldAddToProvider" storage="c:\users\victus\desktop\assetbridge-ai-pro\backend\tests\assetbridge.unittests\bin\debug\net8.0\assetbridge.unittests.dll" id="6837238d-d1ef-982f-f61d-4a388849fc89">
      <Execution id="5166a1ea-390f-46da-9f3c-0dfbbf6a8432" />
      <TestMethod codeBase="C:\Users\VICTUS\Desktop\assetbridge-ai-pro\backend\tests\AssetBridge.UnitTests\bin\Debug\net8.0\AssetBridge.UnitTests.dll" adapterTypeName="executor://xunit/VsTestRunner2/netcoreapp" className="AssetBridge.UnitTests.Services.ServiceProviderServiceTests" name="AddSkill_ValidSkill_ShouldAddToProvider" />
    </UnitTest>
    <UnitTest name="AssetBridge.UnitTests.Integration.ProviderCoordinationIntegrationTests.EndToEndProviderCoordinationFlow_Register_Profile_Skills_Availability_Verification_Matching" storage="c:\users\victus\desktop\assetbridge-ai-pro\backend\tests\assetbridge.unittests\bin\debug\net8.0\assetbridge.unittests.dll" id="ad3761a9-3e22-abae-1676-fc598cc2a289">
      <Execution id="308f4382-5078-4231-8542-46407a277df2" />
      <TestMethod codeBase="C:\Users\VICTUS\Desktop\assetbridge-ai-pro\backend\tests\AssetBridge.UnitTests\bin\Debug\net8.0\AssetBridge.UnitTests.dll" adapterTypeName="executor://xunit/VsTestRunner2/netcoreapp" className="AssetBridge.UnitTests.Integration.ProviderCoordinationIntegrationTests" name="EndToEndProviderCoordinationFlow_Register_Profile_Skills_Availability_Verification_Matching" />
    </UnitTest>
    <UnitTest name="AssetBridge.UnitTests.Services.MaintenanceJobServiceTests.UpdateJobStatus_ToCompleted_ShouldSetCompletedAtUtcAndActualCost" storage="c:\users\victus\desktop\assetbridge-ai-pro\backend\tests\assetbridge.unittests\bin\debug\net8.0\assetbridge.unittests.dll" id="38832235-f090-b142-42d0-59d88744c106">
      <Execution id="bcd5318f-919d-47e3-9088-b1a6b511f41a" />
      <TestMethod codeBase="C:\Users\VICTUS\Desktop\assetbridge-ai-pro\backend\tests\AssetBridge.UnitTests\bin\Debug\net8.0\AssetBridge.UnitTests.dll" adapterTypeName="executor://xunit/VsTestRunner2/netcoreapp" className="AssetBridge.UnitTests.Services.MaintenanceJobServiceTests" name="UpdateJobStatus_ToCompleted_ShouldSetCompletedAtUtcAndActualCost" />
    </UnitTest>
    <UnitTest name="AssetBridge.UnitTests.Services.QuotationServiceTests.CreateQuotation_WithZeroOrNegativeQuantity_ShouldThrowValidationException" storage="c:\users\victus\desktop\assetbridge-ai-pro\backend\tests\assetbridge.unittests\bin\debug\net8.0\assetbridge.unittests.dll" id="b134f5a5-7cdf-0615-09fd-fdd318bd7a12">
      <Execution id="202cf99c-f95b-4ee0-aca6-3a47d9ed02d9" />
      <TestMethod codeBase="C:\Users\VICTUS\Desktop\assetbridge-ai-pro\backend\tests\AssetBridge.UnitTests\bin\Debug\net8.0\AssetBridge.UnitTests.dll" adapterTypeName="executor://xunit/VsTestRunner2/netcoreapp" className="AssetBridge.UnitTests.Services.QuotationServiceTests" name="CreateQuotation_WithZeroOrNegativeQuantity_ShouldThrowValidationException" />
    </UnitTest>
    <UnitTest name="AssetBridge.UnitTests.Services.ServiceProviderServiceTests.AddAvailability_InvalidTimeRange_ShouldThrowValidationException" storage="c:\users\victus\desktop\assetbridge-ai-pro\backend\tests\assetbridge.unittests\bin\debug\net8.0\assetbridge.unittests.dll" id="db8d66af-2dff-124a-4a49-767d73b17ffc">
      <Execution id="5c0cd027-247a-4212-a9ab-76d557979ee0" />
      <TestMethod codeBase="C:\Users\VICTUS\Desktop\assetbridge-ai-pro\backend\tests\AssetBridge.UnitTests\bin\Debug\net8.0\AssetBridge.UnitTests.dll" adapterTypeName="executor://xunit/VsTestRunner2/netcoreapp" className="AssetBridge.UnitTests.Services.ServiceProviderServiceTests" name="AddAvailability_InvalidTimeRange_ShouldThrowValidationException" />
    </UnitTest>
    <UnitTest name="AssetBridge.UnitTests.Services.RepresentativeServiceTests.GetRepresentatives_AsOwner_ShouldOnlyReturnVerifiedActiveRepresentatives" storage="c:\users\victus\desktop\assetbridge-ai-pro\backend\tests\assetbridge.unittests\bin\debug\net8.0\assetbridge.unittests.dll" id="b5ccf8bd-882f-5766-4e99-9b960130a578">
      <Execution id="43f9886f-f886-445a-a0d6-bb3f2d076553" />
      <TestMethod codeBase="C:\Users\VICTUS\Desktop\assetbridge-ai-pro\backend\tests\AssetBridge.UnitTests\bin\Debug\net8.0\AssetBridge.UnitTests.dll" adapterTypeName="executor://xunit/VsTestRunner2/netcoreapp" className="AssetBridge.UnitTests.Services.RepresentativeServiceTests" name="GetRepresentatives_AsOwner_ShouldOnlyReturnVerifiedActiveRepresentatives" />
    </UnitTest>
    <UnitTest name="AssetBridge.UnitTests.Security.PasswordHasherTests.HashPassword_ShouldReturnHashedString_WhenGivenPlainTextPassword" storage="c:\users\victus\desktop\assetbridge-ai-pro\backend\tests\assetbridge.unittests\bin\debug\net8.0\assetbridge.unittests.dll" id="fb1d9318-b7cb-30d7-4de6-25cd80e9e1fb">
      <Execution id="3e012e6b-4708-4444-899a-f056a40fc1aa" />
      <TestMethod codeBase="C:\Users\VICTUS\Desktop\assetbridge-ai-pro\backend\tests\AssetBridge.UnitTests\bin\Debug\net8.0\AssetBridge.UnitTests.dll" adapterTypeName="executor://xunit/VsTestRunner2/netcoreapp" className="AssetBridge.UnitTests.Security.PasswordHasherTests" name="HashPassword_ShouldReturnHashedString_WhenGivenPlainTextPassword" />
    </UnitTest>
    <UnitTest name="AssetBridge.UnitTests.Services.QuotationServiceTests.CreateQuotation_WithLineItems_ShouldCalculateSubtotalAndTotalServerSide" storage="c:\users\victus\desktop\assetbridge-ai-pro\backend\tests\assetbridge.unittests\bin\debug\net8.0\assetbridge.unittests.dll" id="20234db5-17d1-8ece-5b83-20347c2d3e65">
      <Execution id="1e989799-2d28-4ab8-a42f-a65d84c9420d" />
      <TestMethod codeBase="C:\Users\VICTUS\Desktop\assetbridge-ai-pro\backend\tests\AssetBridge.UnitTests\bin\Debug\net8.0\AssetBridge.UnitTests.dll" adapterTypeName="executor://xunit/VsTestRunner2/netcoreapp" className="AssetBridge.UnitTests.Services.QuotationServiceTests" name="CreateQuotation_WithLineItems_ShouldCalculateSubtotalAndTotalServerSide" />
    </UnitTest>
    <UnitTest name="AssetBridge.UnitTests.Middleware.GlobalExceptionHandlingMiddlewareTests.InvokeAsync_ShouldReturnNotFound_WhenEntityNotFoundExceptionIsThrown" storage="c:\users\victus\desktop\assetbridge-ai-pro\backend\tests\assetbridge.unittests\bin\debug\net8.0\assetbridge.unittests.dll" id="ae4102fd-84e6-448b-53b3-d6627899d325">
      <Execution id="1bcdbf17-46dc-4319-9474-36bd1a362c0a" />
      <TestMethod codeBase="C:\Users\VICTUS\Desktop\assetbridge-ai-pro\backend\tests\AssetBridge.UnitTests\bin\Debug\net8.0\AssetBridge.UnitTests.dll" adapterTypeName="executor://xunit/VsTestRunner2/netcoreapp" className="AssetBridge.UnitTests.Middleware.GlobalExceptionHandlingMiddlewareTests" name="InvokeAsync_ShouldReturnNotFound_WhenEntityNotFoundExceptionIsThrown" />
    </UnitTest>
    <UnitTest name="AssetBridge.UnitTests.Services.AssetServiceTests.GetAssetByIdAsync_ShouldReturnAsset_WhenOwnerAccessesOwnAsset" storage="c:\users\victus\desktop\assetbridge-ai-pro\backend\tests\assetbridge.unittests\bin\debug\net8.0\assetbridge.unittests.dll" id="b3aa4690-2083-6b81-3765-8f7b5d19eca9">
      <Execution id="16b3a474-3893-4548-aacb-359e91448136" />
      <TestMethod codeBase="C:\Users\VICTUS\Desktop\assetbridge-ai-pro\backend\tests\AssetBridge.UnitTests\bin\Debug\net8.0\AssetBridge.UnitTests.dll" adapterTypeName="executor://xunit/VsTestRunner2/netcoreapp" className="AssetBridge.UnitTests.Services.AssetServiceTests" name="GetAssetByIdAsync_ShouldReturnAsset_WhenOwnerAccessesOwnAsset" />
    </UnitTest>
    <UnitTest name="AssetBridge.UnitTests.Integration.AssetAndIncidentIntegrationTests.EndToEndFlow_Register_Login_CreateAsset_CreateIncident_ViewHistory" storage="c:\users\victus\desktop\assetbridge-ai-pro\backend\tests\assetbridge.unittests\bin\debug\net8.0\assetbridge.unittests.dll" id="fa74c2a1-6164-7586-0ca6-9befb12b78cc">
      <Execution id="bd62eda6-b613-4fb9-bcfa-45c83161d398" />
      <TestMethod codeBase="C:\Users\VICTUS\Desktop\assetbridge-ai-pro\backend\tests\AssetBridge.UnitTests\bin\Debug\net8.0\AssetBridge.UnitTests.dll" adapterTypeName="executor://xunit/VsTestRunner2/netcoreapp" className="AssetBridge.UnitTests.Integration.AssetAndIncidentIntegrationTests" name="EndToEndFlow_Register_Login_CreateAsset_CreateIncident_ViewHistory" />
    </UnitTest>
    <UnitTest name="AssetBridge.UnitTests.Services.AssetServiceTests.DeleteAssetAsync_ShouldSoftDeleteToArchived" storage="c:\users\victus\desktop\assetbridge-ai-pro\backend\tests\assetbridge.unittests\bin\debug\net8.0\assetbridge.unittests.dll" id="3efc968b-efde-cc70-b953-c409cc59435e">
      <Execution id="cc9f67db-52c1-49b2-a277-82d8ae9dfd69" />
      <TestMethod codeBase="C:\Users\VICTUS\Desktop\assetbridge-ai-pro\backend\tests\AssetBridge.UnitTests\bin\Debug\net8.0\AssetBridge.UnitTests.dll" adapterTypeName="executor://xunit/VsTestRunner2/netcoreapp" className="AssetBridge.UnitTests.Services.AssetServiceTests" name="DeleteAssetAsync_ShouldSoftDeleteToArchived" />
    </UnitTest>
    <UnitTest name="AssetBridge.UnitTests.Services.ServiceProviderServiceTests.CreateServiceProvider_WithValidData_ShouldCreatePendingProvider" storage="c:\users\victus\desktop\assetbridge-ai-pro\backend\tests\assetbridge.unittests\bin\debug\net8.0\assetbridge.unittests.dll" id="edb60554-f593-1c29-bfe0-2cfbfabb493e">
      <Execution id="44a49012-b840-49bc-af6b-4892a746a3e7" />
      <TestMethod codeBase="C:\Users\VICTUS\Desktop\assetbridge-ai-pro\backend\tests\AssetBridge.UnitTests\bin\Debug\net8.0\AssetBridge.UnitTests.dll" adapterTypeName="executor://xunit/VsTestRunner2/netcoreapp" className="AssetBridge.UnitTests.Services.ServiceProviderServiceTests" name="CreateServiceProvider_WithValidData_ShouldCreatePendingProvider" />
    </UnitTest>
    <UnitTest name="AssetBridge.UnitTests.Services.RepresentativeServiceTests.UpdateVerificationStatus_AsRepresentative_ShouldThrowUnauthorizedAccessException" storage="c:\users\victus\desktop\assetbridge-ai-pro\backend\tests\assetbridge.unittests\bin\debug\net8.0\assetbridge.unittests.dll" id="86a101d1-2501-1ac8-e0eb-1074d03350e2">
      <Execution id="c5914b29-f07f-44ff-b8f2-7cd982fababe" />
      <TestMethod codeBase="C:\Users\VICTUS\Desktop\assetbridge-ai-pro\backend\tests\AssetBridge.UnitTests\bin\Debug\net8.0\AssetBridge.UnitTests.dll" adapterTypeName="executor://xunit/VsTestRunner2/netcoreapp" className="AssetBridge.UnitTests.Services.RepresentativeServiceTests" name="UpdateVerificationStatus_AsRepresentative_ShouldThrowUnauthorizedAccessException" />
    </UnitTest>
    <UnitTest name="AssetBridge.UnitTests.Services.IncidentServiceTests.CreateIncidentAsync_ShouldThrowDomainException_WhenAssetIsArchived" storage="c:\users\victus\desktop\assetbridge-ai-pro\backend\tests\assetbridge.unittests\bin\debug\net8.0\assetbridge.unittests.dll" id="2d2c4689-2dcb-26fc-dd48-9692f3108009">
      <Execution id="8ef09378-b343-410b-afe7-ee06a44f50dc" />
      <TestMethod codeBase="C:\Users\VICTUS\Desktop\assetbridge-ai-pro\backend\tests\AssetBridge.UnitTests\bin\Debug\net8.0\AssetBridge.UnitTests.dll" adapterTypeName="executor://xunit/VsTestRunner2/netcoreapp" className="AssetBridge.UnitTests.Services.IncidentServiceTests" name="CreateIncidentAsync_ShouldThrowDomainException_WhenAssetIsArchived" />
    </UnitTest>
    <UnitTest name="AssetBridge.UnitTests.Services.ProviderMatchingServiceTests.MatchProviders_ShouldExcludeUnverifiedProviders" storage="c:\users\victus\desktop\assetbridge-ai-pro\backend\tests\assetbridge.unittests\bin\debug\net8.0\assetbridge.unittests.dll" id="b284a317-5f9c-9460-0d1a-6f337e301c57">
      <Execution id="0fb1bb1a-9f06-4648-8df6-afbe5e887b48" />
      <TestMethod codeBase="C:\Users\VICTUS\Desktop\assetbridge-ai-pro\backend\tests\AssetBridge.UnitTests\bin\Debug\net8.0\AssetBridge.UnitTests.dll" adapterTypeName="executor://xunit/VsTestRunner2/netcoreapp" className="AssetBridge.UnitTests.Services.ProviderMatchingServiceTests" name="MatchProviders_ShouldExcludeUnverifiedProviders" />
    </UnitTest>
    <UnitTest name="AssetBridge.UnitTests.Services.AuthServiceTests.LoginAsync_ShouldThrowValidationException_WhenPasswordIsInvalid" storage="c:\users\victus\desktop\assetbridge-ai-pro\backend\tests\assetbridge.unittests\bin\debug\net8.0\assetbridge.unittests.dll" id="92ad846b-53f4-2cd2-0d00-153b30db33da">
      <Execution id="5559746d-2e6e-42d7-b217-82d261e069e7" />
      <TestMethod codeBase="C:\Users\VICTUS\Desktop\assetbridge-ai-pro\backend\tests\AssetBridge.UnitTests\bin\Debug\net8.0\AssetBridge.UnitTests.dll" adapterTypeName="executor://xunit/VsTestRunner2/netcoreapp" className="AssetBridge.UnitTests.Services.AuthServiceTests" name="LoginAsync_ShouldThrowValidationException_WhenPasswordIsInvalid" />
    </UnitTest>
    <UnitTest name="AssetBridge.UnitTests.Services.AuthServiceTests.RegisterAsync_ShouldCreateUser_WhenEmailIsUnique" storage="c:\users\victus\desktop\assetbridge-ai-pro\backend\tests\assetbridge.unittests\bin\debug\net8.0\assetbridge.unittests.dll" id="2d897973-a734-5140-2b76-a10de339ffdb">
      <Execution id="72a97a2a-31b3-4f6c-b5a8-cb0225339555" />
      <TestMethod codeBase="C:\Users\VICTUS\Desktop\assetbridge-ai-pro\backend\tests\AssetBridge.UnitTests\bin\Debug\net8.0\AssetBridge.UnitTests.dll" adapterTypeName="executor://xunit/VsTestRunner2/netcoreapp" className="AssetBridge.UnitTests.Services.AuthServiceTests" name="RegisterAsync_ShouldCreateUser_WhenEmailIsUnique" />
    </UnitTest>
    <UnitTest name="AssetBridge.UnitTests.Services.RepresentativeServiceTests.UpdateVerificationStatus_AsManager_ShouldSucceed" storage="c:\users\victus\desktop\assetbridge-ai-pro\backend\tests\assetbridge.unittests\bin\debug\net8.0\assetbridge.unittests.dll" id="9f4424f4-190e-d4f5-2b65-73dd1448429e">
      <Execution id="ea5ce534-cce6-4d2b-80c5-b761a8f7a61b" />
      <TestMethod codeBase="C:\Users\VICTUS\Desktop\assetbridge-ai-pro\backend\tests\AssetBridge.UnitTests\bin\Debug\net8.0\AssetBridge.UnitTests.dll" adapterTypeName="executor://xunit/VsTestRunner2/netcoreapp" className="AssetBridge.UnitTests.Services.RepresentativeServiceTests" name="UpdateVerificationStatus_AsManager_ShouldSucceed" />
    </UnitTest>
    <UnitTest name="AssetBridge.UnitTests.Services.ProviderMatchingServiceTests.MatchProviders_WithCoordinates_ShouldRankCloserProviderHigher" storage="c:\users\victus\desktop\assetbridge-ai-pro\backend\tests\assetbridge.unittests\bin\debug\net8.0\assetbridge.unittests.dll" id="b7b6f67d-ede7-8fd7-7a8b-1569b37a4600">
      <Execution id="5a6252f4-652b-4c9a-b3dc-ca593feac7bf" />
      <TestMethod codeBase="C:\Users\VICTUS\Desktop\assetbridge-ai-pro\backend\tests\AssetBridge.UnitTests\bin\Debug\net8.0\AssetBridge.UnitTests.dll" adapterTypeName="executor://xunit/VsTestRunner2/netcoreapp" className="AssetBridge.UnitTests.Services.ProviderMatchingServiceTests" name="MatchProviders_WithCoordinates_ShouldRankCloserProviderHigher" />
    </UnitTest>
    <UnitTest name="AssetBridge.UnitTests.Services.RepresentativeServiceTests.CreateRepresentative_WhenProfileAlreadyExists_ShouldThrowValidationException" storage="c:\users\victus\desktop\assetbridge-ai-pro\backend\tests\assetbridge.unittests\bin\debug\net8.0\assetbridge.unittests.dll" id="92a824bd-97c2-4782-7f6e-5f672a1b9eb1">
      <Execution id="f9f922df-beee-4f6b-8c9b-aee796bc59e5" />
      <TestMethod codeBase="C:\Users\VICTUS\Desktop\assetbridge-ai-pro\backend\tests\AssetBridge.UnitTests\bin\Debug\net8.0\AssetBridge.UnitTests.dll" adapterTypeName="executor://xunit/VsTestRunner2/netcoreapp" className="AssetBridge.UnitTests.Services.RepresentativeServiceTests" name="CreateRepresentative_WhenProfileAlreadyExists_ShouldThrowValidationException" />
    </UnitTest>
    <UnitTest name="AssetBridge.UnitTests.Services.IncidentServiceTests.AddEvidenceAsync_ShouldAddEvidenceAndRecordHistory" storage="c:\users\victus\desktop\assetbridge-ai-pro\backend\tests\assetbridge.unittests\bin\debug\net8.0\assetbridge.unittests.dll" id="5a1e9426-84f2-a4bb-71ad-ffbff76bf282">
      <Execution id="4a4c404e-f455-47ac-9ec9-363519322e47" />
      <TestMethod codeBase="C:\Users\VICTUS\Desktop\assetbridge-ai-pro\backend\tests\AssetBridge.UnitTests\bin\Debug\net8.0\AssetBridge.UnitTests.dll" adapterTypeName="executor://xunit/VsTestRunner2/netcoreapp" className="AssetBridge.UnitTests.Services.IncidentServiceTests" name="AddEvidenceAsync_ShouldAddEvidenceAndRecordHistory" />
    </UnitTest>
    <UnitTest name="AssetBridge.UnitTests.Services.BudgetAndComparisonServiceTests.CompareQuotations_ShouldRankCheaperAndVerifiedQuoteHigher" storage="c:\users\victus\desktop\assetbridge-ai-pro\backend\tests\assetbridge.unittests\bin\debug\net8.0\assetbridge.unittests.dll" id="e46ed508-45e2-bbf7-b507-922853935529">
      <Execution id="4636c905-cc54-4cb0-96a5-90b07c31ff1e" />
      <TestMethod codeBase="C:\Users\VICTUS\Desktop\assetbridge-ai-pro\backend\tests\AssetBridge.UnitTests\bin\Debug\net8.0\AssetBridge.UnitTests.dll" adapterTypeName="executor://xunit/VsTestRunner2/netcoreapp" className="AssetBridge.UnitTests.Services.BudgetAndComparisonServiceTests" name="CompareQuotations_ShouldRankCheaperAndVerifiedQuoteHigher" />
    </UnitTest>
    <UnitTest name="AssetBridge.UnitTests.Services.QuotationServiceTests.AddItem_ToSubmittedQuotation_ShouldRecalculateTotalAmount" storage="c:\users\victus\desktop\assetbridge-ai-pro\backend\tests\assetbridge.unittests\bin\debug\net8.0\assetbridge.unittests.dll" id="d6a760c7-9fad-a344-2265-360ff7f65a37">
      <Execution id="581052a4-b232-4931-9c7d-b27ecdcdc12c" />
      <TestMethod codeBase="C:\Users\VICTUS\Desktop\assetbridge-ai-pro\backend\tests\AssetBridge.UnitTests\bin\Debug\net8.0\AssetBridge.UnitTests.dll" adapterTypeName="executor://xunit/VsTestRunner2/netcoreapp" className="AssetBridge.UnitTests.Services.QuotationServiceTests" name="AddItem_ToSubmittedQuotation_ShouldRecalculateTotalAmount" />
    </UnitTest>
    <UnitTest name="AssetBridge.UnitTests.Services.IncidentServiceTests.CreateIncidentAsync_ShouldThrowValidationException_WhenBudgetIsNegative" storage="c:\users\victus\desktop\assetbridge-ai-pro\backend\tests\assetbridge.unittests\bin\debug\net8.0\assetbridge.unittests.dll" id="9a40ea42-34d0-1c4d-c74b-6d86d9bf581a">
      <Execution id="262255eb-9522-4ccb-901d-ba4db1d0fa05" />
      <TestMethod codeBase="C:\Users\VICTUS\Desktop\assetbridge-ai-pro\backend\tests\AssetBridge.UnitTests\bin\Debug\net8.0\AssetBridge.UnitTests.dll" adapterTypeName="executor://xunit/VsTestRunner2/netcoreapp" className="AssetBridge.UnitTests.Services.IncidentServiceTests" name="CreateIncidentAsync_ShouldThrowValidationException_WhenBudgetIsNegative" />
    </UnitTest>
    <UnitTest name="AssetBridge.UnitTests.Middleware.GlobalExceptionHandlingMiddlewareTests.InvokeAsync_ShouldReturnBadRequest_WhenValidationExceptionIsThrown" storage="c:\users\victus\desktop\assetbridge-ai-pro\backend\tests\assetbridge.unittests\bin\debug\net8.0\assetbridge.unittests.dll" id="09c45721-ca5b-e6cf-dd98-82884d46c1c1">
      <Execution id="94dd8b70-ff70-4891-893c-99497fccfe85" />
      <TestMethod codeBase="C:\Users\VICTUS\Desktop\assetbridge-ai-pro\backend\tests\AssetBridge.UnitTests\bin\Debug\net8.0\AssetBridge.UnitTests.dll" adapterTypeName="executor://xunit/VsTestRunner2/netcoreapp" className="AssetBridge.UnitTests.Middleware.GlobalExceptionHandlingMiddlewareTests" name="InvokeAsync_ShouldReturnBadRequest_WhenValidationExceptionIsThrown" />
    </UnitTest>
    <UnitTest name="AssetBridge.UnitTests.Services.IncidentServiceTests.CreateIncidentAsync_ShouldThrowUnauthorized_WhenOwnerReportsForAnotherOwnersAsset" storage="c:\users\victus\desktop\assetbridge-ai-pro\backend\tests\assetbridge.unittests\bin\debug\net8.0\assetbridge.unittests.dll" id="3f987a17-d752-d1be-ad4d-eb32bb96dade">
      <Execution id="43821f04-051e-4354-a77d-acae795807d9" />
      <TestMethod codeBase="C:\Users\VICTUS\Desktop\assetbridge-ai-pro\backend\tests\AssetBridge.UnitTests\bin\Debug\net8.0\AssetBridge.UnitTests.dll" adapterTypeName="executor://xunit/VsTestRunner2/netcoreapp" className="AssetBridge.UnitTests.Services.IncidentServiceTests" name="CreateIncidentAsync_ShouldThrowUnauthorized_WhenOwnerReportsForAnotherOwnersAsset" />
    </UnitTest>
    <UnitTest name="AssetBridge.UnitTests.Services.BudgetAndComparisonServiceTests.ValidateBudget_WhenQuotationExceedsBudget_ShouldReturnIsWithinBudgetFalse" storage="c:\users\victus\desktop\assetbridge-ai-pro\backend\tests\assetbridge.unittests\bin\debug\net8.0\assetbridge.unittests.dll" id="0b445906-513b-4d01-472e-9d775239763d">
      <Execution id="6dce5406-128d-48a8-b0c0-134b768a0fa2" />
      <TestMethod codeBase="C:\Users\VICTUS\Desktop\assetbridge-ai-pro\backend\tests\AssetBridge.UnitTests\bin\Debug\net8.0\AssetBridge.UnitTests.dll" adapterTypeName="executor://xunit/VsTestRunner2/netcoreapp" className="AssetBridge.UnitTests.Services.BudgetAndComparisonServiceTests" name="ValidateBudget_WhenQuotationExceedsBudget_ShouldReturnIsWithinBudgetFalse" />
    </UnitTest>
    <UnitTest name="AssetBridge.UnitTests.Services.AssetServiceTests.CreateAssetAsync_ShouldCreateAssetAndRecordHistory_WhenValid" storage="c:\users\victus\desktop\assetbridge-ai-pro\backend\tests\assetbridge.unittests\bin\debug\net8.0\assetbridge.unittests.dll" id="c7d7acd7-3df7-86f7-1b93-d85f634eb6e9">
      <Execution id="2240849c-f0dc-4144-9e43-64aa75662432" />
      <TestMethod codeBase="C:\Users\VICTUS\Desktop\assetbridge-ai-pro\backend\tests\AssetBridge.UnitTests\bin\Debug\net8.0\AssetBridge.UnitTests.dll" adapterTypeName="executor://xunit/VsTestRunner2/netcoreapp" className="AssetBridge.UnitTests.Services.AssetServiceTests" name="CreateAssetAsync_ShouldCreateAssetAndRecordHistory_WhenValid" />
    </UnitTest>
    <UnitTest name="AssetBridge.UnitTests.Services.IncidentServiceTests.UpdateIncidentStatusAsync_ShouldThrowDomainException_OnInvalidTransition_FromResolvedToPlanning" storage="c:\users\victus\desktop\assetbridge-ai-pro\backend\tests\assetbridge.unittests\bin\debug\net8.0\assetbridge.unittests.dll" id="072e617d-ee4c-6191-d2b4-73e09dde87a3">
      <Execution id="15b6faac-9986-45d9-b467-c8b7f54466f0" />
      <TestMethod codeBase="C:\Users\VICTUS\Desktop\assetbridge-ai-pro\backend\tests\AssetBridge.UnitTests\bin\Debug\net8.0\AssetBridge.UnitTests.dll" adapterTypeName="executor://xunit/VsTestRunner2/netcoreapp" className="AssetBridge.UnitTests.Services.IncidentServiceTests" name="UpdateIncidentStatusAsync_ShouldThrowDomainException_OnInvalidTransition_FromResolvedToPlanning" />
    </UnitTest>
    <UnitTest name="AssetBridge.UnitTests.Security.JwtTokenGeneratorTests.GenerateToken_ShouldReturnValidJwt_WithExpectedClaims" storage="c:\users\victus\desktop\assetbridge-ai-pro\backend\tests\assetbridge.unittests\bin\debug\net8.0\assetbridge.unittests.dll" id="822ebd52-8dbc-59f4-ce8a-589df05535a4">
      <Execution id="edac7b6e-421a-4ca0-b809-3f37ff088d7a" />
      <TestMethod codeBase="C:\Users\VICTUS\Desktop\assetbridge-ai-pro\backend\tests\AssetBridge.UnitTests\bin\Debug\net8.0\AssetBridge.UnitTests.dll" adapterTypeName="executor://xunit/VsTestRunner2/netcoreapp" className="AssetBridge.UnitTests.Security.JwtTokenGeneratorTests" name="GenerateToken_ShouldReturnValidJwt_WithExpectedClaims" />
    </UnitTest>
    <UnitTest name="AssetBridge.UnitTests.Services.AssetServiceTests.GetAssetsAsync_ShouldFilterByOwner_WhenCallerIsOwner" storage="c:\users\victus\desktop\assetbridge-ai-pro\backend\tests\assetbridge.unittests\bin\debug\net8.0\assetbridge.unittests.dll" id="259e2566-689a-8925-fcb6-f5b31f15676e">
      <Execution id="665ba111-1b61-4dc5-879f-da2e6099bb33" />
      <TestMethod codeBase="C:\Users\VICTUS\Desktop\assetbridge-ai-pro\backend\tests\AssetBridge.UnitTests\bin\Debug\net8.0\AssetBridge.UnitTests.dll" adapterTypeName="executor://xunit/VsTestRunner2/netcoreapp" className="AssetBridge.UnitTests.Services.AssetServiceTests" name="GetAssetsAsync_ShouldFilterByOwner_WhenCallerIsOwner" />
    </UnitTest>
    <UnitTest name="AssetBridge.UnitTests.Services.AuthServiceTests.LoginAsync_ShouldReturnToken_WhenCredentialsAreValid" storage="c:\users\victus\desktop\assetbridge-ai-pro\backend\tests\assetbridge.unittests\bin\debug\net8.0\assetbridge.unittests.dll" id="afdf6ee6-a8dc-ba5a-ee92-85a60a55ed13">
      <Execution id="7e7af6ca-05a7-4a8d-81bf-aa0410e03e7b" />
      <TestMethod codeBase="C:\Users\VICTUS\Desktop\assetbridge-ai-pro\backend\tests\AssetBridge.UnitTests\bin\Debug\net8.0\AssetBridge.UnitTests.dll" adapterTypeName="executor://xunit/VsTestRunner2/netcoreapp" className="AssetBridge.UnitTests.Services.AuthServiceTests" name="LoginAsync_ShouldReturnToken_WhenCredentialsAreValid" />
    </UnitTest>
    <UnitTest name="AssetBridge.UnitTests.Services.MaintenanceJobServiceTests.CreateJob_WithValidData_ShouldCreatePlannedJob" storage="c:\users\victus\desktop\assetbridge-ai-pro\backend\tests\assetbridge.unittests\bin\debug\net8.0\assetbridge.unittests.dll" id="6e919d83-bbf0-a3f6-ee41-4aadff521ee3">
      <Execution id="95291cae-6f22-4912-97ce-0c32e312886a" />
      <TestMethod codeBase="C:\Users\VICTUS\Desktop\assetbridge-ai-pro\backend\tests\AssetBridge.UnitTests\bin\Debug\net8.0\AssetBridge.UnitTests.dll" adapterTypeName="executor://xunit/VsTestRunner2/netcoreapp" className="AssetBridge.UnitTests.Services.MaintenanceJobServiceTests" name="CreateJob_WithValidData_ShouldCreatePlannedJob" />
    </UnitTest>
    <UnitTest name="AssetBridge.UnitTests.Services.IncidentServiceTests.UpdateIncidentStatusAsync_ShouldAllowValidTransition_FromReportedToPlanning" storage="c:\users\victus\desktop\assetbridge-ai-pro\backend\tests\assetbridge.unittests\bin\debug\net8.0\assetbridge.unittests.dll" id="8306305a-1bc9-a17f-32ef-3b7be30d00d0">
      <Execution id="2e1c6b48-5ff3-4aaf-a158-85267231cfd9" />
      <TestMethod codeBase="C:\Users\VICTUS\Desktop\assetbridge-ai-pro\backend\tests\AssetBridge.UnitTests\bin\Debug\net8.0\AssetBridge.UnitTests.dll" adapterTypeName="executor://xunit/VsTestRunner2/netcoreapp" className="AssetBridge.UnitTests.Services.IncidentServiceTests" name="UpdateIncidentStatusAsync_ShouldAllowValidTransition_FromReportedToPlanning" />
    </UnitTest>
    <UnitTest name="AssetBridge.UnitTests.Services.AssetServiceTests.GetAssetsAsync_ShouldAllowManager_ToViewAllAssets" storage="c:\users\victus\desktop\assetbridge-ai-pro\backend\tests\assetbridge.unittests\bin\debug\net8.0\assetbridge.unittests.dll" id="ea759cc2-d72a-55aa-18ce-042b3c75917f">
      <Execution id="42fdfcff-09d7-4f4f-834a-9b1b40c31def" />
      <TestMethod codeBase="C:\Users\VICTUS\Desktop\assetbridge-ai-pro\backend\tests\AssetBridge.UnitTests\bin\Debug\net8.0\AssetBridge.UnitTests.dll" adapterTypeName="executor://xunit/VsTestRunner2/netcoreapp" className="AssetBridge.UnitTests.Services.AssetServiceTests" name="GetAssetsAsync_ShouldAllowManager_ToViewAllAssets" />
    </UnitTest>
    <UnitTest name="AssetBridge.UnitTests.Services.InspectionServiceTests.AddFinding_ValidData_ShouldAddToInspection" storage="c:\users\victus\desktop\assetbridge-ai-pro\backend\tests\assetbridge.unittests\bin\debug\net8.0\assetbridge.unittests.dll" id="940907f0-5523-01ab-1e8d-581f5be61152">
      <Execution id="36553a0c-3622-477e-aa17-2815da10fbe5" />
      <TestMethod codeBase="C:\Users\VICTUS\Desktop\assetbridge-ai-pro\backend\tests\AssetBridge.UnitTests\bin\Debug\net8.0\AssetBridge.UnitTests.dll" adapterTypeName="executor://xunit/VsTestRunner2/netcoreapp" className="AssetBridge.UnitTests.Services.InspectionServiceTests" name="AddFinding_ValidData_ShouldAddToInspection" />
    </UnitTest>
    <UnitTest name="AssetBridge.UnitTests.Services.AssetServiceTests.GetAssetByIdAsync_ShouldThrowUnauthorized_WhenOwnerAccessesAnotherOwnersAsset" storage="c:\users\victus\desktop\assetbridge-ai-pro\backend\tests\assetbridge.unittests\bin\debug\net8.0\assetbridge.unittests.dll" id="22379be2-14f3-8584-0e68-de03dc74eb98">
      <Execution id="55eb61b2-e859-4792-9665-90395bb6297e" />
      <TestMethod codeBase="C:\Users\VICTUS\Desktop\assetbridge-ai-pro\backend\tests\AssetBridge.UnitTests\bin\Debug\net8.0\AssetBridge.UnitTests.dll" adapterTypeName="executor://xunit/VsTestRunner2/netcoreapp" className="AssetBridge.UnitTests.Services.AssetServiceTests" name="GetAssetByIdAsync_ShouldThrowUnauthorized_WhenOwnerAccessesAnotherOwnersAsset" />
    </UnitTest>
    <UnitTest name="AssetBridge.UnitTests.Security.PasswordHasherTests.VerifyPassword_ShouldReturnTrue_WhenPasswordMatchesHash" storage="c:\users\victus\desktop\assetbridge-ai-pro\backend\tests\assetbridge.unittests\bin\debug\net8.0\assetbridge.unittests.dll" id="39e36bc6-2eba-e5cd-6d34-ea77ad6f52d7">
      <Execution id="d4e87053-b427-4474-9a01-d69ddd243acd" />
      <TestMethod codeBase="C:\Users\VICTUS\Desktop\assetbridge-ai-pro\backend\tests\AssetBridge.UnitTests\bin\Debug\net8.0\AssetBridge.UnitTests.dll" adapterTypeName="executor://xunit/VsTestRunner2/netcoreapp" className="AssetBridge.UnitTests.Security.PasswordHasherTests" name="VerifyPassword_ShouldReturnTrue_WhenPasswordMatchesHash" />
    </UnitTest>
    <UnitTest name="AssetBridge.UnitTests.Services.ProviderMatchingServiceTests.MatchProviders_WhenAvailabilityDiffers_ShouldRankAvailableProviderHigher" storage="c:\users\victus\desktop\assetbridge-ai-pro\backend\tests\assetbridge.unittests\bin\debug\net8.0\assetbridge.unittests.dll" id="b534f789-97ae-afb9-f40a-10603459cba2">
      <Execution id="0fc038b7-8752-4934-b7c3-51af6b9df90b" />
      <TestMethod codeBase="C:\Users\VICTUS\Desktop\assetbridge-ai-pro\backend\tests\AssetBridge.UnitTests\bin\Debug\net8.0\AssetBridge.UnitTests.dll" adapterTypeName="executor://xunit/VsTestRunner2/netcoreapp" className="AssetBridge.UnitTests.Services.ProviderMatchingServiceTests" name="MatchProviders_WhenAvailabilityDiffers_ShouldRankAvailableProviderHigher" />
    </UnitTest>
    <UnitTest name="AssetBridge.UnitTests.Services.ServiceProviderServiceTests.AddHistoryEntry_JobCompleted_ShouldIncrementCompletedJobsAndRecalculateRating" storage="c:\users\victus\desktop\assetbridge-ai-pro\backend\tests\assetbridge.unittests\bin\debug\net8.0\assetbridge.unittests.dll" id="f81ca984-533c-33ee-cbc0-32661163337e">
      <Execution id="7285ab65-229d-4e62-b38a-0fd73f7c1ae9" />
      <TestMethod codeBase="C:\Users\VICTUS\Desktop\assetbridge-ai-pro\backend\tests\AssetBridge.UnitTests\bin\Debug\net8.0\AssetBridge.UnitTests.dll" adapterTypeName="executor://xunit/VsTestRunner2/netcoreapp" className="AssetBridge.UnitTests.Services.ServiceProviderServiceTests" name="AddHistoryEntry_JobCompleted_ShouldIncrementCompletedJobsAndRecalculateRating" />
    </UnitTest>
    <UnitTest name="AssetBridge.UnitTests.Services.InspectionServiceTests.CreateInspection_WithValidData_ShouldCreateScheduledInspection" storage="c:\users\victus\desktop\assetbridge-ai-pro\backend\tests\assetbridge.unittests\bin\debug\net8.0\assetbridge.unittests.dll" id="de9c928d-0f34-00d0-08fc-fe802a8eb9df">
      <Execution id="8ddf1f84-ff2e-481e-98f2-c697f2f316ff" />
      <TestMethod codeBase="C:\Users\VICTUS\Desktop\assetbridge-ai-pro\backend\tests\AssetBridge.UnitTests\bin\Debug\net8.0\AssetBridge.UnitTests.dll" adapterTypeName="executor://xunit/VsTestRunner2/netcoreapp" className="AssetBridge.UnitTests.Services.InspectionServiceTests" name="CreateInspection_WithValidData_ShouldCreateScheduledInspection" />
    </UnitTest>
  </TestDefinitions>
  <TestEntries>
    <TestEntry testId="6e919d83-bbf0-a3f6-ee41-4aadff521ee3" executionId="95291cae-6f22-4912-97ce-0c32e312886a" testListId="8c84fa94-04c1-424b-9868-57a2d4851a1d" />
    <TestEntry testId="fb1d9318-b7cb-30d7-4de6-25cd80e9e1fb" executionId="3e012e6b-4708-4444-899a-f056a40fc1aa" testListId="8c84fa94-04c1-424b-9868-57a2d4851a1d" />
    <TestEntry testId="39e36bc6-2eba-e5cd-6d34-ea77ad6f52d7" executionId="d4e87053-b427-4474-9a01-d69ddd243acd" testListId="8c84fa94-04c1-424b-9868-57a2d4851a1d" />
    <TestEntry testId="3f987a17-d752-d1be-ad4d-eb32bb96dade" executionId="43821f04-051e-4354-a77d-acae795807d9" testListId="8c84fa94-04c1-424b-9868-57a2d4851a1d" />
    <TestEntry testId="22379be2-14f3-8584-0e68-de03dc74eb98" executionId="55eb61b2-e859-4792-9665-90395bb6297e" testListId="8c84fa94-04c1-424b-9868-57a2d4851a1d" />
    <TestEntry testId="afdf6ee6-a8dc-ba5a-ee92-85a60a55ed13" executionId="7e7af6ca-05a7-4a8d-81bf-aa0410e03e7b" testListId="8c84fa94-04c1-424b-9868-57a2d4851a1d" />
    <TestEntry testId="09c45721-ca5b-e6cf-dd98-82884d46c1c1" executionId="94dd8b70-ff70-4891-893c-99497fccfe85" testListId="8c84fa94-04c1-424b-9868-57a2d4851a1d" />
    <TestEntry testId="822ebd52-8dbc-59f4-ce8a-589df05535a4" executionId="edac7b6e-421a-4ca0-b809-3f37ff088d7a" testListId="8c84fa94-04c1-424b-9868-57a2d4851a1d" />
    <TestEntry testId="38832235-f090-b142-42d0-59d88744c106" executionId="bcd5318f-919d-47e3-9088-b1a6b511f41a" testListId="8c84fa94-04c1-424b-9868-57a2d4851a1d" />
    <TestEntry testId="072e617d-ee4c-6191-d2b4-73e09dde87a3" executionId="15b6faac-9986-45d9-b467-c8b7f54466f0" testListId="8c84fa94-04c1-424b-9868-57a2d4851a1d" />
    <TestEntry testId="5a1e9426-84f2-a4bb-71ad-ffbff76bf282" executionId="4a4c404e-f455-47ac-9ec9-363519322e47" testListId="8c84fa94-04c1-424b-9868-57a2d4851a1d" />
    <TestEntry testId="86a101d1-2501-1ac8-e0eb-1074d03350e2" executionId="c5914b29-f07f-44ff-b8f2-7cd982fababe" testListId="8c84fa94-04c1-424b-9868-57a2d4851a1d" />
    <TestEntry testId="b378b1f3-5dff-fd6b-cbda-69893af11255" executionId="3a3a807c-451a-4c33-a70b-09e7a71d538f" testListId="8c84fa94-04c1-424b-9868-57a2d4851a1d" />
    <TestEntry testId="2d2c4689-2dcb-26fc-dd48-9692f3108009" executionId="8ef09378-b343-410b-afe7-ee06a44f50dc" testListId="8c84fa94-04c1-424b-9868-57a2d4851a1d" />
    <TestEntry testId="ccb5b48e-304a-a9c4-0f07-a9fb3cfe8213" executionId="29603801-edce-4ca2-b463-d937be9b4fba" testListId="8c84fa94-04c1-424b-9868-57a2d4851a1d" />
    <TestEntry testId="9a40ea42-34d0-1c4d-c74b-6d86d9bf581a" executionId="262255eb-9522-4ccb-901d-ba4db1d0fa05" testListId="8c84fa94-04c1-424b-9868-57a2d4851a1d" />
    <TestEntry testId="877ee029-3c5e-822f-59c2-195d9bff3a1a" executionId="efbdcc65-42f7-4e64-b303-16e0e87a15ae" testListId="8c84fa94-04c1-424b-9868-57a2d4851a1d" />
    <TestEntry testId="0b445906-513b-4d01-472e-9d775239763d" executionId="6dce5406-128d-48a8-b0c0-134b768a0fa2" testListId="8c84fa94-04c1-424b-9868-57a2d4851a1d" />
    <TestEntry testId="c7d7acd7-3df7-86f7-1b93-d85f634eb6e9" executionId="2240849c-f0dc-4144-9e43-64aa75662432" testListId="8c84fa94-04c1-424b-9868-57a2d4851a1d" />
    <TestEntry testId="db8d66af-2dff-124a-4a49-767d73b17ffc" executionId="5c0cd027-247a-4212-a9ab-76d557979ee0" testListId="8c84fa94-04c1-424b-9868-57a2d4851a1d" />
    <TestEntry testId="9f4424f4-190e-d4f5-2b65-73dd1448429e" executionId="ea5ce534-cce6-4d2b-80c5-b761a8f7a61b" testListId="8c84fa94-04c1-424b-9868-57a2d4851a1d" />
    <TestEntry testId="56f41935-451e-253f-1cef-fa47ac6bd256" executionId="13903e29-74bd-4a37-b19d-5b7db5e89b43" testListId="8c84fa94-04c1-424b-9868-57a2d4851a1d" />
    <TestEntry testId="b5ccf8bd-882f-5766-4e99-9b960130a578" executionId="43f9886f-f886-445a-a0d6-bb3f2d076553" testListId="8c84fa94-04c1-424b-9868-57a2d4851a1d" />
    <TestEntry testId="b3aa4690-2083-6b81-3765-8f7b5d19eca9" executionId="16b3a474-3893-4548-aacb-359e91448136" testListId="8c84fa94-04c1-424b-9868-57a2d4851a1d" />
    <TestEntry testId="6837238d-d1ef-982f-f61d-4a388849fc89" executionId="5166a1ea-390f-46da-9f3c-0dfbbf6a8432" testListId="8c84fa94-04c1-424b-9868-57a2d4851a1d" />
    <TestEntry testId="58a7f525-5ead-f7d8-9a03-33229a0ef581" executionId="acdeed35-8cc4-481b-b505-ddcb53042051" testListId="8c84fa94-04c1-424b-9868-57a2d4851a1d" />
    <TestEntry testId="3efc968b-efde-cc70-b953-c409cc59435e" executionId="cc9f67db-52c1-49b2-a277-82d8ae9dfd69" testListId="8c84fa94-04c1-424b-9868-57a2d4851a1d" />
    <TestEntry testId="d0a0f41c-0b93-2272-35ae-29863901d2b6" executionId="4db31f9e-7914-4881-9626-27c573b1a829" testListId="8c84fa94-04c1-424b-9868-57a2d4851a1d" />
    <TestEntry testId="f0f0b12d-f260-3ef6-cc41-6ef0fe403e26" executionId="cd9452fd-e04d-4c9e-ba30-13bc69d16a3b" testListId="8c84fa94-04c1-424b-9868-57a2d4851a1d" />
    <TestEntry testId="d6a760c7-9fad-a344-2265-360ff7f65a37" executionId="581052a4-b232-4931-9c7d-b27ecdcdc12c" testListId="8c84fa94-04c1-424b-9868-57a2d4851a1d" />
    <TestEntry testId="92ad846b-53f4-2cd2-0d00-153b30db33da" executionId="5559746d-2e6e-42d7-b217-82d261e069e7" testListId="8c84fa94-04c1-424b-9868-57a2d4851a1d" />
    <TestEntry testId="2d897973-a734-5140-2b76-a10de339ffdb" executionId="72a97a2a-31b3-4f6c-b5a8-cb0225339555" testListId="8c84fa94-04c1-424b-9868-57a2d4851a1d" />
    <TestEntry testId="940907f0-5523-01ab-1e8d-581f5be61152" executionId="36553a0c-3622-477e-aa17-2815da10fbe5" testListId="8c84fa94-04c1-424b-9868-57a2d4851a1d" />
    <TestEntry testId="259e2566-689a-8925-fcb6-f5b31f15676e" executionId="665ba111-1b61-4dc5-879f-da2e6099bb33" testListId="8c84fa94-04c1-424b-9868-57a2d4851a1d" />
    <TestEntry testId="fa74c2a1-6164-7586-0ca6-9befb12b78cc" executionId="bd62eda6-b613-4fb9-bcfa-45c83161d398" testListId="8c84fa94-04c1-424b-9868-57a2d4851a1d" />
    <TestEntry testId="edb60554-f593-1c29-bfe0-2cfbfabb493e" executionId="44a49012-b840-49bc-af6b-4892a746a3e7" testListId="8c84fa94-04c1-424b-9868-57a2d4851a1d" />
    <TestEntry testId="20234db5-17d1-8ece-5b83-20347c2d3e65" executionId="1e989799-2d28-4ab8-a42f-a65d84c9420d" testListId="8c84fa94-04c1-424b-9868-57a2d4851a1d" />
    <TestEntry testId="ae4102fd-84e6-448b-53b3-d6627899d325" executionId="1bcdbf17-46dc-4319-9474-36bd1a362c0a" testListId="8c84fa94-04c1-424b-9868-57a2d4851a1d" />
    <TestEntry testId="b134f5a5-7cdf-0615-09fd-fdd318bd7a12" executionId="202cf99c-f95b-4ee0-aca6-3a47d9ed02d9" testListId="8c84fa94-04c1-424b-9868-57a2d4851a1d" />
    <TestEntry testId="b534f789-97ae-afb9-f40a-10603459cba2" executionId="0fc038b7-8752-4934-b7c3-51af6b9df90b" testListId="8c84fa94-04c1-424b-9868-57a2d4851a1d" />
    <TestEntry testId="a04ff0d2-0255-49b1-696b-61605724f5c3" executionId="5e40650b-cad8-4f14-b6ba-b219cba571af" testListId="8c84fa94-04c1-424b-9868-57a2d4851a1d" />
    <TestEntry testId="6cdb6948-3572-1b95-77fe-e401456638f4" executionId="f509d483-da50-47c2-8fab-25d9bb088789" testListId="8c84fa94-04c1-424b-9868-57a2d4851a1d" />
    <TestEntry testId="b7b6f67d-ede7-8fd7-7a8b-1569b37a4600" executionId="5a6252f4-652b-4c9a-b3dc-ca593feac7bf" testListId="8c84fa94-04c1-424b-9868-57a2d4851a1d" />
    <TestEntry testId="ad3761a9-3e22-abae-1676-fc598cc2a289" executionId="308f4382-5078-4231-8542-46407a277df2" testListId="8c84fa94-04c1-424b-9868-57a2d4851a1d" />
    <TestEntry testId="92a824bd-97c2-4782-7f6e-5f672a1b9eb1" executionId="f9f922df-beee-4f6b-8c9b-aee796bc59e5" testListId="8c84fa94-04c1-424b-9868-57a2d4851a1d" />
    <TestEntry testId="8306305a-1bc9-a17f-32ef-3b7be30d00d0" executionId="2e1c6b48-5ff3-4aaf-a158-85267231cfd9" testListId="8c84fa94-04c1-424b-9868-57a2d4851a1d" />
    <TestEntry testId="f81ca984-533c-33ee-cbc0-32661163337e" executionId="7285ab65-229d-4e62-b38a-0fd73f7c1ae9" testListId="8c84fa94-04c1-424b-9868-57a2d4851a1d" />
    <TestEntry testId="ea759cc2-d72a-55aa-18ce-042b3c75917f" executionId="42fdfcff-09d7-4f4f-834a-9b1b40c31def" testListId="8c84fa94-04c1-424b-9868-57a2d4851a1d" />
    <TestEntry testId="e46ed508-45e2-bbf7-b507-922853935529" executionId="4636c905-cc54-4cb0-96a5-90b07c31ff1e" testListId="8c84fa94-04c1-424b-9868-57a2d4851a1d" />
    <TestEntry testId="b284a317-5f9c-9460-0d1a-6f337e301c57" executionId="0fb1bb1a-9f06-4648-8df6-afbe5e887b48" testListId="8c84fa94-04c1-424b-9868-57a2d4851a1d" />
    <TestEntry testId="de9c928d-0f34-00d0-08fc-fe802a8eb9df" executionId="8ddf1f84-ff2e-481e-98f2-c697f2f316ff" testListId="8c84fa94-04c1-424b-9868-57a2d4851a1d" />
    <TestEntry testId="927138b2-ca88-13fd-49c5-d9906bcae856" executionId="61b8992c-2c53-429f-ab75-8b5735d5ed48" testListId="8c84fa94-04c1-424b-9868-57a2d4851a1d" />
  </TestEntries>
  <TestLists>
    <TestList name="Results Not in a List" id="8c84fa94-04c1-424b-9868-57a2d4851a1d" />
    <TestList name="All Loaded Results" id="19431567-8539-422a-85d7-44ee4e166bda" />
  </TestLists>
  <ResultSummary outcome="Failed">
    <Counters total="52" executed="52" passed="51" failed="1" error="0" timeout="0" aborted="0" inconclusive="0" passedButRunAborted="0" notRunnable="0" notExecuted="0" disconnected="0" warning="0" completed="0" inProgress="0" pending="0" />
    <Output>
      <StdOut>[xUnit.net 00:00:00.00] xUnit.net VSTest Adapter v2.5.3.1+6b60a9e56a (64-bit .NET 8.0.29)&#xD;
[xUnit.net 00:00:00.15]   Discovering: AssetBridge.UnitTests&#xD;
[xUnit.net 00:00:00.20]   Discovered:  AssetBridge.UnitTests&#xD;
[xUnit.net 00:00:00.20]   Starting:    AssetBridge.UnitTests&#xD;
[xUnit.net 00:00:01.26]       Microsoft.EntityFrameworkCore.DbUpdateConcurrencyException : Attempted to update or delete an entity that does not exist in the store.&#xD;
[xUnit.net 00:00:01.26]       Stack Trace:&#xD;
[xUnit.net 00:00:01.26]            at Microsoft.EntityFrameworkCore.InMemory.Storage.Internal.InMemoryTable`1.Update(IUpdateEntry entry, IDiagnosticsLogger`1 updateLogger)&#xD;
[xUnit.net 00:00:01.26]            at Microsoft.EntityFrameworkCore.InMemory.Storage.Internal.InMemoryStore.ExecuteTransaction(IList`1 entries, IDiagnosticsLogger`1 updateLogger)&#xD;
[xUnit.net 00:00:01.26]            at Microsoft.EntityFrameworkCore.InMemory.Storage.Internal.InMemoryDatabase.SaveChangesAsync(IList`1 entries, CancellationToken cancellationToken)&#xD;
[xUnit.net 00:00:01.26]            at Microsoft.EntityFrameworkCore.ChangeTracking.Internal.StateManager.SaveChangesAsync(IList`1 entriesToSave, CancellationToken cancellationToken)&#xD;
[xUnit.net 00:00:01.26]            at Microsoft.EntityFrameworkCore.ChangeTracking.Internal.StateManager.SaveChangesAsync(StateManager stateManager, Boolean acceptAllChangesOnSuccess, CancellationToken cancellationToken)&#xD;
[xUnit.net 00:00:01.26]            at Microsoft.EntityFrameworkCore.DbContext.SaveChangesAsync(Boolean acceptAllChangesOnSuccess, CancellationToken cancellationToken)&#xD;
[xUnit.net 00:00:01.26]         C:\Users\VICTUS\Desktop\assetbridge-ai-pro\backend\src\AssetBridge.Application\Services\Implementations\QuotationService.cs(349,0): at AssetBridge.Application.Services.Implementations.QuotationService.AddItemAsync(Guid quotationId, CreateQuotationItemRequestDto request, CancellationToken cancellationToken)&#xD;
[xUnit.net 00:00:01.26]         C:\Users\VICTUS\Desktop\assetbridge-ai-pro\backend\tests\AssetBridge.UnitTests\Services\QuotationServiceTests.cs(189,0): at AssetBridge.UnitTests.Services.QuotationServiceTests.AddItem_ToSubmittedQuotation_ShouldRecalculateTotalAmount()&#xD;
[xUnit.net 00:00:01.26]         --- End of stack trace from previous location ---&#xD;
[xUnit.net 00:00:10.30]   Finished:    AssetBridge.UnitTests&#xD;
</StdOut>
    </Output>
    <RunInfos>
      <RunInfo computerName="LAPTOP-U7B9ORSN" outcome="Error" timestamp="2026-09-13T16:11:46.3594005+05:30">
        <Text>[xUnit.net 00:00:01.26]     AssetBridge.UnitTests.Services.QuotationServiceTests.AddItem_ToSubmittedQuotation_ShouldRecalculateTotalAmount [FAIL]</Text>
      </RunInfo>
    </RunInfos>
  </ResultSummary>
</TestRun>